00:50:33 [AntiGravity.Sentiment] WARNING: tweepy no instalado. Usando sentimiento simulado.
00:50:33 [AntiGravity.Sentiment] WARNING: textblob no instalado. Usando sentimiento simulado.
00:50:35 [AntiGravity.MLPredictor] WARNING: scikit-learn/pandas/numpy no instalados. ML desactivado.
00:50:35 [AntiGravity.Monitor] INFO: Inicializando mÃ³dulos...
00:50:35 [AntiGravity.Sentiment] INFO: Tweepy no disponible. Modo sentimiento simulado activado.
00:50:35 [AntiGravity.Notifier] INFO: ğŸ“¡ Canales activos: ['console only']
00:50:35 [AntiGravity.Notifier] INFO: â„¹ï¸ Sin canales de notificaciÃ³n configurados. Solo logging a consola.
00:50:35 [AntiGravity.MLPredictor] WARNING: ML no disponible (faltan librerÃ­as).
00:50:35 [AntiGravity.Monitor] INFO: âœ… Bot inicializado. Listo para cazar arbitraje.
00:50:35 [AntiGravity.Monitor] INFO: 
â”€â”€â”€â”€â”€â”€â”€â”€â”€â”€â”€â”€â”€â”€â”€â”€â”€â”€â”€â”€â”€â”€â”€â”€â”€â”€â”€â”€â”€â”€â”€â”€â”€â”€â”€â”€â”€â”€â”€â”€â”€â”€â”€â”€â”€â”€â”€â”€â”€â”€â”€â”€â”€â”€â”€
00:50:35 [AntiGravity.Monitor] INFO: ğŸ”„ CICLO #1 | 2026-02-26 00:50:35
00:50:35 [AntiGravity.Monitor] INFO: â”€â”€â”€â”€â”€â”€â”€â”€â”€â”€â”€â”€â”€â”€â”€â”€â”€â”€â”€â”€â”€â”€â”€â”€â”€â”€â”€â”€â”€â”€â”€â”€â”€â”€â”€â”€â”€â”€â”€â”€â”€â”€â”€â”€â”€â”€â”€â”€â”€â”€â”€â”€â”€â”€â”€
00:50:36 [AntiGravity.Sentiment] INFO: ğŸ”® Fear & Greed Index: 11 (Extreme Fear)
00:50:36 [AntiGravity.Monitor] INFO: ğŸ“Š Market Overview (Top 5 coins por market cap):
00:50:37 [AntiGravity.Monitor] INFO:    ğŸŸ¢ BTC    | $   67,744.00 | +5.73% 24h
00:50:37 [AntiGravity.Monitor] INFO:    ğŸŸ¢ ETH    | $    2,040.66 | +10.14% 24h
00:50:37 [AntiGravity.Monitor] INFO:    ğŸŸ¢ USDT   | $        1.00 | +0.01% 24h
00:50:37 [AntiGravity.Monitor] INFO:    ğŸŸ¢ XRP    | $        1.43 | +5.64% 24h
00:50:37 [AntiGravity.Monitor] INFO:    ğŸŸ¢ BNB    | $      626.18 | +7.13% 24h
00:50:37 [AntiGravity.Monitor] INFO: 
ğŸ” Analizando BITCOIN...
00:50:37 [AntiGravity.Monitor] INFO:   ğŸ’° Precio global: $67,744.00 (+5.73% 24h)
00:50:37 [AntiGravity.PriceFetcher] INFO: ğŸ“¡ Obteniendo precios de bitcoin en 5 exchanges...
00:50:38 [AntiGravity.PriceFetcher] WARNING: Error exchange coinbase (intento 1): 404 Client Error: Not Found for url: https://api.coingecko.com/api/v3/exchanges/coinbase/tickers?coin_ids=bitcoin
00:50:39 [AntiGravity.PriceFetcher] WARNING: Error exchange coinbase (intento 2): 404 Client Error: Not Found for url: https://api.coingecko.com/api/v3/exchanges/coinbase/tickers?coin_ids=bitcoin
00:50:41 [AntiGravity.PriceFetcher] WARNING: Error exchange coinbase (intento 3): 429 Client Error: Too Many Requests for url: https://api.coingecko.com/api/v3/exchanges/coinbase/tickers?coin_ids=bitcoin
00:50:46 [AntiGravity.PriceFetcher] WARNING: Error exchange kraken (intento 1): 429 Client Error: Too Many Requests for url: https://api.coingecko.com/api/v3/exchanges/kraken/tickers?coin_ids=bitcoin
00:50:47 [AntiGravity.PriceFetcher] WARNING: Error exchange kraken (intento 2): 429 Client Error: Too Many Requests for url: https://api.coingecko.com/api/v3/exchanges/kraken/tickers?coin_ids=bitcoin
00:50:49 [AntiGravity.PriceFetcher] WARNING: Error exchange kraken (intento 3): 429 Client Error: Too Many Requests for url: https://api.coingecko.com/api/v3/exchanges/kraken/tickers?coin_ids=bitcoin
00:50:53 [AntiGravity.PriceFetcher] WARNING: Error exchange huobi (intento 1): 429 Client Error: Too Many Requests for url: https://api.coingecko.com/api/v3/exchanges/huobi/tickers?coin_ids=bitcoin
00:50:54 [AntiGravity.PriceFetcher] WARNING: Error exchange huobi (intento 2): 429 Client Error: Too Many Requests for url: https://api.coingecko.com/api/v3/exchanges/huobi/tickers?coin_ids=bitcoin
00:50:56 [AntiGravity.PriceFetcher] WARNING: Error exchange huobi (intento 3): 429 Client Error: Too Many Requests for url: https://api.coingecko.com/api/v3/exchanges/huobi/tickers?coin_ids=bitcoin
00:51:01 [AntiGravity.PriceFetcher] WARNING: Error exchange kucoin (intento 1): 429 Client Error: Too Many Requests for url: https://api.coingecko.com/api/v3/exchanges/kucoin/tickers?coin_ids=bitcoin
00:51:02 [AntiGravity.PriceFetcher] WARNING: Error exchange kucoin (intento 2): 429 Client Error: Too Many Requests for url: https://api.coingecko.com/api/v3/exchanges/kucoin/tickers?coin_ids=bitcoin
00:51:04 [AntiGravity.PriceFetcher] WARNING: Error exchange kucoin (intento 3): 429 Client Error: Too Many Requests for url: https://api.coingecko.com/api/v3/exchanges/kucoin/tickers?coin_ids=bitcoin
00:51:09 [AntiGravity.PriceFetcher] WARNING: âš ï¸ Pocos exchanges con datos reales. Usando precio global con variaciones simuladas.
00:51:09 [AntiGravity.Monitor] ERROR: âŒ Error en ciclo 1: module 'requests.exceptions' has no attribute 'RateLimitError'
Traceback (most recent call last):
  File "C:\Users\nicon\OneDrive\Desktop\bot\price_fetcher.py", line 57, in get_price_simple
    response.raise_for_status()
  File "C:\Users\nicon\AppData\Local\Packages\PythonSoftwareFoundation.Python.3.11_qbz5n2kfra8p0\LocalCache\local-packages\Python311\site-packages\requests\models.py", line 1026, in raise_for_status
    raise HTTPError(http_error_msg, response=self)
requests.exceptions.HTTPError: 429 Client Error: Too Many Requests for url: https://api.coingecko.com/api/v3/simple/price?ids=bitcoin&vs_currencies=usd&include_24hr_change=true&include_market_cap=true

During handling of the above exception, another exception occurred:

Traceback (most recent call last):
  File "C:\Users\nicon\OneDrive\Desktop\bot\monitor.py", line 113, in run
    self._run_cycle()
  File "C:\Users\nicon\OneDrive\Desktop\bot\monitor.py", line 185, in _run_cycle
    exchange_prices = self.price_fetcher.get_all_exchange_prices(coin)
                      ^^^^^^^^^^^^^^^^^^^^^^^^^^^^^^^^^^^^^^^^^^^^^^^^
  File "C:\Users\nicon\OneDrive\Desktop\bot\price_fetcher.py", line 155, in get_all_exchange_prices
    prices = self._simulate_exchange_prices(coin_id)
             ^^^^^^^^^^^^^^^^^^^^^^^^^^^^^^^^^^^^^^^
  File "C:\Users\nicon\OneDrive\Desktop\bot\price_fetcher.py", line 170, in _simulate_exchange_prices
    base_data = self.get_price_simple([coin_id])
                ^^^^^^^^^^^^^^^^^^^^^^^^^^^^^^^^
  File "C:\Users\nicon\OneDrive\Desktop\bot\price_fetcher.py", line 61, in get_price_simple
    except requests.exceptions.RateLimitError:
           ^^^^^^^^^^^^^^^^^^^^^^^^^^^^^^^^^^
AttributeError: module 'requests.exceptions' has no attribute 'RateLimitError'
00:51:09 [AntiGravity.Monitor] INFO: â±ï¸ Ciclo completado en 33.5s. PrÃ³ximo en 27s...
00:51:35 [AntiGravity.Monitor] INFO: 
â”€â”€â”€â”€â”€â”€â”€â”€â”€â”€â”€â”€â”€â”€â”€â”€â”€â”€â”€â”€â”€â”€â”€â”€â”€â”€â”€â”€â”€â”€â”€â”€â”€â”€â”€â”€â”€â”€â”€â”€â”€â”€â”€â”€â”€â”€â”€â”€â”€â”€â”€â”€â”€â”€â”€
00:51:35 [AntiGravity.Monitor] INFO: ğŸ”„ CICLO #2 | 2026-02-26 00:51:35
00:51:35 [AntiGravity.Monitor] INFO: â”€â”€â”€â”€â”€â”€â”€â”€â”€â”€â”€â”€â”€â”€â”€â”€â”€â”€â”€â”€â”€â”€â”€â”€â”€â”€â”€â”€â”€â”€â”€â”€â”€â”€â”€â”€â”€â”€â”€â”€â”€â”€â”€â”€â”€â”€â”€â”€â”€â”€â”€â”€â”€â”€â”€
00:51:37 [AntiGravity.Sentiment] INFO: ğŸ”® Fear & Greed Index: 11 (Extreme Fear)
00:51:37 [AntiGravity.Monitor] ERROR: âŒ Error en ciclo 2: module 'requests.exceptions' has no attribute 'RateLimitError'
Traceback (most recent call last):
  File "C:\Users\nicon\OneDrive\Desktop\bot\price_fetcher.py", line 57, in get_price_simple
    response.raise_for_status()
  File "C:\Users\nicon\AppData\Local\Packages\PythonSoftwareFoundation.Python.3.11_qbz5n2kfra8p0\LocalCache\local-packages\Python311\site-packages\requests\models.py", line 1026, in raise_for_status
    raise HTTPError(http_error_msg, response=self)
requests.exceptions.HTTPError: 429 Client Error: Too Many Requests for url: https://api.coingecko.com/api/v3/simple/price?ids=bitcoin%2Cethereum%2Csolana%2Cbinancecoin%2Cripple&vs_currencies=usd&include_24hr_change=true&include_market_cap=true

During handling of the above exception, another exception occurred:

Traceback (most recent call last):
  File "C:\Users\nicon\OneDrive\Desktop\bot\monitor.py", line 113, in run
    self._run_cycle()
  File "C:\Users\nicon\OneDrive\Desktop\bot\monitor.py", line 168, in _run_cycle
    simple_prices = self.price_fetcher.get_price_simple(TRADING.coins)
                    ^^^^^^^^^^^^^^^^^^^^^^^^^^^^^^^^^^^^^^^^^^^^^^^^^^
  File "C:\Users\nicon\OneDrive\Desktop\bot\price_fetcher.py", line 61, in get_price_simple
    except requests.exceptions.RateLimitError:
           ^^^^^^^^^^^^^^^^^^^^^^^^^^^^^^^^^^
AttributeError: module 'requests.exceptions' has no attribute 'RateLimitError'
00:51:37 [AntiGravity.Monitor] INFO: â±ï¸ Ciclo completado en 1.7s. PrÃ³ximo en 58s...
00:51:50 [AntiGravity.Monitor] INFO: Inicializando mÃ³dulos...
00:51:50 [AntiGravity.Sentiment] WARNING: âš ï¸ No hay Bearer Token de Twitter. Modo simulado.
00:51:50 [AntiGravity.Notifier] INFO: ğŸ“¡ Canales activos: ['console only']
00:51:50 [AntiGravity.Notifier] INFO: â„¹ï¸ Sin canales de notificaciÃ³n configurados. Solo logging a consola.
00:51:50 [AntiGravity.MLPredictor] INFO: Sin datos histÃ³ricos aÃºn. Ejecuta el bot un rato primero.
00:51:50 [AntiGravity.Monitor] INFO: âœ… Bot inicializado. Listo para cazar arbitraje.
00:51:50 [AntiGravity.Monitor] INFO: 
â”€â”€â”€â”€â”€â”€â”€â”€â”€â”€â”€â”€â”€â”€â”€â”€â”€â”€â”€â”€â”€â”€â”€â”€â”€â”€â”€â”€â”€â”€â”€â”€â”€â”€â”€â”€â”€â”€â”€â”€â”€â”€â”€â”€â”€â”€â”€â”€â”€â”€â”€â”€â”€â”€â”€
00:51:50 [AntiGravity.Monitor] INFO: ğŸ”„ CICLO #1 | 2026-02-26 00:51:50
00:51:50 [AntiGravity.Monitor] INFO: â”€â”€â”€â”€â”€â”€â”€â”€â”€â”€â”€â”€â”€â”€â”€â”€â”€â”€â”€â”€â”€â”€â”€â”€â”€â”€â”€â”€â”€â”€â”€â”€â”€â”€â”€â”€â”€â”€â”€â”€â”€â”€â”€â”€â”€â”€â”€â”€â”€â”€â”€â”€â”€â”€â”€
00:51:53 [AntiGravity.Sentiment] INFO: ğŸ”® Fear & Greed Index: 11 (Extreme Fear)
00:51:53 [AntiGravity.Monitor] INFO: ğŸ“Š Market Overview (Top 5 coins por market cap):
00:51:55 [AntiGravity.Monitor] INFO:    ğŸŸ¢ BTC    | $   67,816.00 | +5.84% 24h
00:51:55 [AntiGravity.Monitor] INFO:    ğŸŸ¢ ETH    | $    2,042.26 | +10.22% 24h
00:51:55 [AntiGravity.Monitor] INFO:    ğŸŸ¢ USDT   | $        1.00 | +0.01% 24h
00:51:55 [AntiGravity.Monitor] INFO:    ğŸŸ¢ XRP    | $        1.43 | +5.66% 24h
00:51:55 [AntiGravity.Monitor] INFO:    ğŸŸ¢ BNB    | $      626.35 | +7.16% 24h
00:51:55 [AntiGravity.Monitor] ERROR: âŒ Error en ciclo 1: module 'requests.exceptions' has no attribute 'RateLimitError'
Traceback (most recent call last):
  File "C:\Users\nicon\OneDrive\Desktop\bot\price_fetcher.py", line 57, in get_price_simple
    response.raise_for_status()
  File "C:\Users\nicon\AppData\Local\Packages\PythonSoftwareFoundation.Python.3.11_qbz5n2kfra8p0\LocalCache\local-packages\Python311\site-packages\requests\models.py", line 1026, in raise_for_status
    raise HTTPError(http_error_msg, response=self)
requests.exceptions.HTTPError: 429 Client Error: Too Many Requests for url: https://api.coingecko.com/api/v3/simple/price?ids=bitcoin%2Cethereum%2Csolana%2Cbinancecoin%2Cripple&vs_currencies=usd&include_24hr_change=true&include_market_cap=true

During handling of the above exception, another exception occurred:

Traceback (most recent call last):
  File "C:\Users\nicon\OneDrive\Desktop\bot\monitor.py", line 113, in run
    self._run_cycle()
  File "C:\Users\nicon\OneDrive\Desktop\bot\monitor.py", line 168, in _run_cycle
    simple_prices = self.price_fetcher.get_price_simple(TRADING.coins)
                    ^^^^^^^^^^^^^^^^^^^^^^^^^^^^^^^^^^^^^^^^^^^^^^^^^^
  File "C:\Users\nicon\OneDrive\Desktop\bot\price_fetcher.py", line 61, in get_price_simple
    except requests.exceptions.RateLimitError:
           ^^^^^^^^^^^^^^^^^^^^^^^^^^^^^^^^^^
AttributeError: module 'requests.exceptions' has no attribute 'RateLimitError'
00:51:55 [AntiGravity.Monitor] INFO: â±ï¸ Ciclo completado en 5.3s. PrÃ³ximo en 55s...
00:52:35 [AntiGravity.Monitor] INFO: 
â”€â”€â”€â”€â”€â”€â”€â”€â”€â”€â”€â”€â”€â”€â”€â”€â”€â”€â”€â”€â”€â”€â”€â”€â”€â”€â”€â”€â”€â”€â”€â”€â”€â”€â”€â”€â”€â”€â”€â”€â”€â”€â”€â”€â”€â”€â”€â”€â”€â”€â”€â”€â”€â”€â”€
00:52:35 [AntiGravity.Monitor] INFO: ğŸ”„ CICLO #3 | 2026-02-26 00:52:35
00:52:35 [AntiGravity.Monitor] INFO: â”€â”€â”€â”€â”€â”€â”€â”€â”€â”€â”€â”€â”€â”€â”€â”€â”€â”€â”€â”€â”€â”€â”€â”€â”€â”€â”€â”€â”€â”€â”€â”€â”€â”€â”€â”€â”€â”€â”€â”€â”€â”€â”€â”€â”€â”€â”€â”€â”€â”€â”€â”€â”€â”€â”€
00:52:39 [AntiGravity.Sentiment] INFO: ğŸ”® Fear & Greed Index: 11 (Extreme Fear)
00:52:39 [AntiGravity.Monitor] ERROR: âŒ Error en ciclo 3: module 'requests.exceptions' has no attribute 'RateLimitError'
Traceback (most recent call last):
  File "C:\Users\nicon\OneDrive\Desktop\bot\price_fetcher.py", line 57, in get_price_simple
    response.raise_for_status()
  File "C:\Users\nicon\AppData\Local\Packages\PythonSoftwareFoundation.Python.3.11_qbz5n2kfra8p0\LocalCache\local-packages\Python311\site-packages\requests\models.py", line 1026, in raise_for_status
    raise HTTPError(http_error_msg, response=self)
requests.exceptions.HTTPError: 429 Client Error: Too Many Requests for url: https://api.coingecko.com/api/v3/simple/price?ids=bitcoin%2Cethereum%2Csolana%2Cbinancecoin%2Cripple&vs_currencies=usd&include_24hr_change=true&include_market_cap=true

During handling of the above exception, another exception occurred:

Traceback (most recent call last):
  File "C:\Users\nicon\OneDrive\Desktop\bot\monitor.py", line 113, in run
    self._run_cycle()
  File "C:\Users\nicon\OneDrive\Desktop\bot\monitor.py", line 168, in _run_cycle
    simple_prices = self.price_fetcher.get_price_simple(TRADING.coins)
                    ^^^^^^^^^^^^^^^^^^^^^^^^^^^^^^^^^^^^^^^^^^^^^^^^^^
  File "C:\Users\nicon\OneDrive\Desktop\bot\price_fetcher.py", line 61, in get_price_simple
    except requests.exceptions.HTTPError as e:
           ^^^^^^^^^^^^^^^^^^^^^^^^^^^^^^^^^^
AttributeError: module 'requests.exceptions' has no attribute 'RateLimitError'
00:52:39 [AntiGravity.Monitor] INFO: â±ï¸ Ciclo completado en 3.9s. PrÃ³ximo en 56s...
00:52:50 [AntiGravity.Monitor] INFO: 
â”€â”€â”€â”€â”€â”€â”€â”€â”€â”€â”€â”€â”€â”€â”€â”€â”€â”€â”€â”€â”€â”€â”€â”€â”€â”€â”€â”€â”€â”€â”€â”€â”€â”€â”€â”€â”€â”€â”€â”€â”€â”€â”€â”€â”€â”€â”€â”€â”€â”€â”€â”€â”€â”€â”€
00:52:50 [AntiGravity.Monitor] INFO: ğŸ”„ CICLO #2 | 2026-02-26 00:52:50
00:52:50 [AntiGravity.Monitor] INFO: â”€â”€â”€â”€â”€â”€â”€â”€â”€â”€â”€â”€â”€â”€â”€â”€â”€â”€â”€â”€â”€â”€â”€â”€â”€â”€â”€â”€â”€â”€â”€â”€â”€â”€â”€â”€â”€â”€â”€â”€â”€â”€â”€â”€â”€â”€â”€â”€â”€â”€â”€â”€â”€â”€â”€
00:52:55 [AntiGravity.Sentiment] INFO: ğŸ”® Fear & Greed Index: 11 (Extreme Fear)
00:52:55 [AntiGravity.Monitor] ERROR: âŒ Error en ciclo 2: module 'requests.exceptions' has no attribute 'RateLimitError'
Traceback (most recent call last):
  File "C:\Users\nicon\OneDrive\Desktop\bot\price_fetcher.py", line 57, in get_price_simple
    response.raise_for_status()
  File "C:\Users\nicon\AppData\Local\Packages\PythonSoftwareFoundation.Python.3.11_qbz5n2kfra8p0\LocalCache\local-packages\Python311\site-packages\requests\models.py", line 1026, in raise_for_status
    raise HTTPError(http_error_msg, response=self)
requests.exceptions.HTTPError: 429 Client Error: Too Many Requests for url: https://api.coingecko.com/api/v3/simple/price?ids=bitcoin%2Cethereum%2Csolana%2Cbinancecoin%2Cripple&vs_currencies=usd&include_24hr_change=true&include_market_cap=true

During handling of the above exception, another exception occurred:

Traceback (most recent call last):
  File "C:\Users\nicon\OneDrive\Desktop\bot\monitor.py", line 113, in run
    self._run_cycle()
  File "C:\Users\nicon\OneDrive\Desktop\bot\monitor.py", line 168, in _run_cycle
    simple_prices = self.price_fetcher.get_price_simple(TRADING.coins)
                    ^^^^^^^^^^^^^^^^^^^^^^^^^^^^^^^^^^^^^^^^^^^^^^^^^^
  File "C:\Users\nicon\OneDrive\Desktop\bot\price_fetcher.py", line 61, in get_price_simple
    except requests.exceptions.HTTPError as e:
           ^^^^^^^^^^^^^^^^^^^^^^^^^^^^^^^^^^
AttributeError: module 'requests.exceptions' has no attribute 'RateLimitError'
00:52:55 [AntiGravity.Monitor] INFO: â±ï¸ Ciclo completado en 4.9s. PrÃ³ximo en 55s...
00:52:55 [AntiGravity.Monitor] INFO: Inicializando mÃ³dulos...
00:52:55 [AntiGravity.Sentiment] WARNING: âš ï¸ No hay Bearer Token de Twitter. Modo simulado.
00:52:55 [AntiGravity.Notifier] INFO: ğŸ“¡ Canales activos: ['console only']
00:52:55 [AntiGravity.Notifier] INFO: â„¹ï¸ Sin canales de notificaciÃ³n configurados. Solo logging a consola.
00:52:55 [AntiGravity.MLPredictor] INFO: Sin datos histÃ³ricos aÃºn. Ejecuta el bot un rato primero.
00:52:55 [AntiGravity.Monitor] INFO: âœ… Bot inicializado. Listo para cazar arbitraje.
00:52:55 [AntiGravity.Monitor] INFO: 
â”€â”€â”€â”€â”€â”€â”€â”€â”€â”€â”€â”€â”€â”€â”€â”€â”€â”€â”€â”€â”€â”€â”€â”€â”€â”€â”€â”€â”€â”€â”€â”€â”€â”€â”€â”€â”€â”€â”€â”€â”€â”€â”€â”€â”€â”€â”€â”€â”€â”€â”€â”€â”€â”€â”€
00:52:55 [AntiGravity.Monitor] INFO: ğŸ”„ CICLO #1 | 2026-02-26 00:52:55
00:52:55 [AntiGravity.Monitor] INFO: â”€â”€â”€â”€â”€â”€â”€â”€â”€â”€â”€â”€â”€â”€â”€â”€â”€â”€â”€â”€â”€â”€â”€â”€â”€â”€â”€â”€â”€â”€â”€â”€â”€â”€â”€â”€â”€â”€â”€â”€â”€â”€â”€â”€â”€â”€â”€â”€â”€â”€â”€â”€â”€â”€â”€
00:52:58 [AntiGravity.Sentiment] INFO: ğŸ”® Fear & Greed Index: 11 (Extreme Fear)
00:52:58 [AntiGravity.Monitor] INFO: ğŸ“Š Market Overview (Top 5 coins por market cap):
00:53:03 [AntiGravity.Monitor] INFO:    ğŸŸ¢ BTC    | $   67,848.00 | +5.89% 24h
00:53:03 [AntiGravity.Monitor] INFO:    ğŸŸ¢ ETH    | $    2,043.77 | +10.31% 24h
00:53:03 [AntiGravity.Monitor] INFO:    ğŸŸ¢ USDT   | $        1.00 | +0.00% 24h
00:53:03 [AntiGravity.Monitor] INFO:    ğŸŸ¢ XRP    | $        1.43 | +5.73% 24h
00:53:03 [AntiGravity.Monitor] INFO:    ğŸŸ¢ BNB    | $      626.67 | +7.22% 24h
00:53:03 [AntiGravity.Monitor] INFO: 
ğŸ” Analizando BITCOIN...
00:53:03 [AntiGravity.Monitor] INFO:   ğŸ’° Precio global: $67,848.00 (+5.89% 24h)
00:53:03 [AntiGravity.PriceFetcher] INFO: ğŸ“¡ Obteniendo precios de bitcoin en 5 exchanges...
00:53:04 [AntiGravity.PriceFetcher] WARNING: Error exchange coinbase (intento 1): 404 Client Error: Not Found for url: https://api.coingecko.com/api/v3/exchanges/coinbase/tickers?coin_ids=bitcoin
00:53:05 [AntiGravity.PriceFetcher] WARNING: Error exchange coinbase (intento 2): 404 Client Error: Not Found for url: https://api.coingecko.com/api/v3/exchanges/coinbase/tickers?coin_ids=bitcoin
00:53:07 [AntiGravity.PriceFetcher] WARNING: Error exchange coinbase (intento 3): 429 Client Error: Too Many Requests for url: https://api.coingecko.com/api/v3/exchanges/coinbase/tickers?coin_ids=bitcoin
00:53:12 [AntiGravity.PriceFetcher] WARNING: Error exchange kraken (intento 1): 429 Client Error: Too Many Requests for url: https://api.coingecko.com/api/v3/exchanges/kraken/tickers?coin_ids=bitcoin
00:53:13 [AntiGravity.PriceFetcher] WARNING: Error exchange kraken (intento 2): 429 Client Error: Too Many Requests for url: https://api.coingecko.com/api/v3/exchanges/kraken/tickers?coin_ids=bitcoin
00:53:15 [AntiGravity.PriceFetcher] WARNING: Error exchange kraken (intento 3): 429 Client Error: Too Many Requests for url: https://api.coingecko.com/api/v3/exchanges/kraken/tickers?coin_ids=bitcoin
00:53:20 [AntiGravity.PriceFetcher] WARNING: Error exchange huobi (intento 1): 429 Client Error: Too Many Requests for url: https://api.coingecko.com/api/v3/exchanges/huobi/tickers?coin_ids=bitcoin
00:53:21 [AntiGravity.PriceFetcher] WARNING: Error exchange huobi (intento 2): 429 Client Error: Too Many Requests for url: https://api.coingecko.com/api/v3/exchanges/huobi/tickers?coin_ids=bitcoin
00:53:23 [AntiGravity.PriceFetcher] WARNING: Error exchange huobi (intento 3): 429 Client Error: Too Many Requests for url: https://api.coingecko.com/api/v3/exchanges/huobi/tickers?coin_ids=bitcoin
00:53:27 [AntiGravity.PriceFetcher] WARNING: Error exchange kucoin (intento 1): 429 Client Error: Too Many Requests for url: https://api.coingecko.com/api/v3/exchanges/kucoin/tickers?coin_ids=bitcoin
00:53:28 [AntiGravity.PriceFetcher] WARNING: Error exchange kucoin (intento 2): 429 Client Error: Too Many Requests for url: https://api.coingecko.com/api/v3/exchanges/kucoin/tickers?coin_ids=bitcoin
00:53:30 [AntiGravity.PriceFetcher] WARNING: Error exchange kucoin (intento 3): 429 Client Error: Too Many Requests for url: https://api.coingecko.com/api/v3/exchanges/kucoin/tickers?coin_ids=bitcoin
00:53:35 [AntiGravity.PriceFetcher] WARNING: âš ï¸ Pocos exchanges con datos reales. Usando precio global con variaciones simuladas.
00:53:36 [AntiGravity.PriceFetcher] WARNING: Rate limit (429). Esperando 15s...
00:53:50 [AntiGravity.Monitor] INFO: 
â”€â”€â”€â”€â”€â”€â”€â”€â”€â”€â”€â”€â”€â”€â”€â”€â”€â”€â”€â”€â”€â”€â”€â”€â”€â”€â”€â”€â”€â”€â”€â”€â”€â”€â”€â”€â”€â”€â”€â”€â”€â”€â”€â”€â”€â”€â”€â”€â”€â”€â”€â”€â”€â”€â”€
00:53:50 [AntiGravity.Monitor] INFO: ğŸ”„ CICLO #3 | 2026-02-26 00:53:50
00:53:50 [AntiGravity.Monitor] INFO: â”€â”€â”€â”€â”€â”€â”€â”€â”€â”€â”€â”€â”€â”€â”€â”€â”€â”€â”€â”€â”€â”€â”€â”€â”€â”€â”€â”€â”€â”€â”€â”€â”€â”€â”€â”€â”€â”€â”€â”€â”€â”€â”€â”€â”€â”€â”€â”€â”€â”€â”€â”€â”€â”€â”€
00:53:51 [AntiGravity.PriceFetcher] WARNING: Rate limit (429). Esperando 30s...
00:53:53 [AntiGravity.Sentiment] INFO: ğŸ”® Fear & Greed Index: 11 (Extreme Fear)
00:53:53 [AntiGravity.Monitor] ERROR: âŒ Error en ciclo 3: module 'requests.exceptions' has no attribute 'RateLimitError'
Traceback (most recent call last):
  File "C:\Users\nicon\OneDrive\Desktop\bot\price_fetcher.py", line 57, in get_price_simple
    response.raise_for_status()
  File "C:\Users\nicon\AppData\Local\Packages\PythonSoftwareFoundation.Python.3.11_qbz5n2kfra8p0\LocalCache\local-packages\Python311\site-packages\requests\models.py", line 1026, in raise_for_status
    raise HTTPError(http_error_msg, response=self)
requests.exceptions.HTTPError: 429 Client Error: Too Many Requests for url: https://api.coingecko.com/api/v3/simple/price?ids=bitcoin%2Cethereum%2Csolana%2Cbinancecoin%2Cripple&vs_currencies=usd&include_24hr_change=true&include_market_cap=true

During handling of the above exception, another exception occurred:

Traceback (most recent call last):
  File "C:\Users\nicon\OneDrive\Desktop\bot\monitor.py", line 113, in run
    self._run_cycle()
  File "C:\Users\nicon\OneDrive\Desktop\bot\monitor.py", line 168, in _run_cycle
    simple_prices = self.price_fetcher.get_price_simple(TRADING.coins)
                    ^^^^^^^^^^^^^^^^^^^^^^^^^^^^^^^^^^^^^^^^^^^^^^^^^^
  File "C:\Users\nicon\OneDrive\Desktop\bot\price_fetcher.py", line 61, in get_price_simple
    except requests.exceptions.HTTPError as e:
           ^^^^^^^^^^^^^^^^^^^^^^^^^^^^^^^^^^
AttributeError: module 'requests.exceptions' has no attribute 'RateLimitError'
00:53:53 [AntiGravity.Monitor] INFO: â±ï¸ Ciclo completado en 3.2s. PrÃ³ximo en 57s...
00:54:22 [AntiGravity.PriceFetcher] WARNING: Rate limit (429). Esperando 45s...
00:54:50 [AntiGravity.Monitor] INFO: 
â”€â”€â”€â”€â”€â”€â”€â”€â”€â”€â”€â”€â”€â”€â”€â”€â”€â”€â”€â”€â”€â”€â”€â”€â”€â”€â”€â”€â”€â”€â”€â”€â”€â”€â”€â”€â”€â”€â”€â”€â”€â”€â”€â”€â”€â”€â”€â”€â”€â”€â”€â”€â”€â”€â”€
00:54:50 [AntiGravity.Monitor] INFO: ğŸ”„ CICLO #4 | 2026-02-26 00:54:50
00:54:50 [AntiGravity.Monitor] INFO: â”€â”€â”€â”€â”€â”€â”€â”€â”€â”€â”€â”€â”€â”€â”€â”€â”€â”€â”€â”€â”€â”€â”€â”€â”€â”€â”€â”€â”€â”€â”€â”€â”€â”€â”€â”€â”€â”€â”€â”€â”€â”€â”€â”€â”€â”€â”€â”€â”€â”€â”€â”€â”€â”€â”€
00:54:52 [AntiGravity.Sentiment] INFO: ğŸ”® Fear & Greed Index: 11 (Extreme Fear)
00:54:52 [AntiGravity.Monitor] INFO: 
ğŸ” Analizando BITCOIN...
00:54:52 [AntiGravity.Monitor] INFO:   ğŸ’° Precio global: $67,955.00 (+6.06% 24h)
00:54:52 [AntiGravity.PriceFetcher] INFO: ğŸ“¡ Obteniendo precios de bitcoin en 5 exchanges...
00:54:53 [AntiGravity.PriceFetcher] WARNING: Error exchange coinbase (intento 1): 404 Client Error: Not Found for url: https://api.coingecko.com/api/v3/exchanges/coinbase/tickers?coin_ids=bitcoin
00:54:54 [AntiGravity.PriceFetcher] WARNING: Error exchange coinbase (intento 2): 404 Client Error: Not Found for url: https://api.coingecko.com/api/v3/exchanges/coinbase/tickers?coin_ids=bitcoin
00:54:57 [AntiGravity.PriceFetcher] WARNING: Error exchange coinbase (intento 3): 404 Client Error: Not Found for url: https://api.coingecko.com/api/v3/exchanges/coinbase/tickers?coin_ids=bitcoin
00:55:03 [AntiGravity.PriceFetcher] WARNING: Error exchange kraken (intento 2): 429 Client Error: Too Many Requests for url: https://api.coingecko.com/api/v3/exchanges/kraken/tickers?coin_ids=bitcoin
01:03:35 [AntiGravity.Monitor] INFO: Inicializando mÃ³dulos...
01:03:35 [AntiGravity.Sentiment] WARNING: âš ï¸ No hay Bearer Token de Twitter. Modo simulado.
01:03:35 [AntiGravity.Notifier] INFO: ğŸ“¡ Canales activos: ['console only']
01:03:35 [AntiGravity.Notifier] INFO: â„¹ï¸ Sin canales de notificaciÃ³n configurados. Solo logging a consola.
01:03:35 [AntiGravity.MLPredictor] INFO: Sin datos histÃ³ricos aÃºn. Ejecuta el bot un rato primero.
01:03:35 [AntiGravity.Monitor] INFO: âœ… Bot inicializado. Listo para cazar arbitraje.
01:03:35 [AntiGravity.Monitor] INFO: 
â”€â”€â”€â”€â”€â”€â”€â”€â”€â”€â”€â”€â”€â”€â”€â”€â”€â”€â”€â”€â”€â”€â”€â”€â”€â”€â”€â”€â”€â”€â”€â”€â”€â”€â”€â”€â”€â”€â”€â”€â”€â”€â”€â”€â”€â”€â”€â”€â”€â”€â”€â”€â”€â”€â”€
01:03:35 [AntiGravity.Monitor] INFO: ğŸ”„ CICLO #1 | 2026-02-26 01:03:35
01:03:35 [AntiGravity.Monitor] INFO: â”€â”€â”€â”€â”€â”€â”€â”€â”€â”€â”€â”€â”€â”€â”€â”€â”€â”€â”€â”€â”€â”€â”€â”€â”€â”€â”€â”€â”€â”€â”€â”€â”€â”€â”€â”€â”€â”€â”€â”€â”€â”€â”€â”€â”€â”€â”€â”€â”€â”€â”€â”€â”€â”€â”€
01:03:36 [AntiGravity.Sentiment] INFO: ğŸ”® Fear & Greed Index: 11 (Extreme Fear)
01:03:36 [AntiGravity.Monitor] INFO: ğŸ“Š Market Overview (Top 5 coins por market cap):
01:03:36 [AntiGravity.Monitor] INFO:    ğŸŸ¢ BTC    | $   67,783.00 | +5.82% 24h
01:03:36 [AntiGravity.Monitor] INFO:    ğŸŸ¢ ETH    | $    2,050.59 | +10.81% 24h
01:03:36 [AntiGravity.Monitor] INFO:    ğŸŸ¢ USDT   | $        1.00 | +0.00% 24h
01:03:36 [AntiGravity.Monitor] INFO:    ğŸŸ¢ XRP    | $        1.43 | +6.36% 24h
01:03:36 [AntiGravity.Monitor] INFO:    ğŸŸ¢ BNB    | $      628.27 | +7.62% 24h
01:03:39 [AntiGravity.Monitor] INFO: 
ğŸ” Analizando BITCOIN...
01:03:39 [AntiGravity.Monitor] INFO:   ğŸ’° Precio global: $67,783.00 (+5.82% 24h)
01:03:39 [AntiGravity.PriceFetcher] INFO: ğŸ“¡ Obteniendo tickers de bitcoin (1 llamada para 5 exchanges)...
01:03:41 [AntiGravity.PriceFetcher] INFO:   â†’ Precios reales obtenidos: 5/5 exchanges
01:03:41 [AntiGravity.Monitor] INFO: 
ğŸ’° Precios de BITCOIN:
   kucoin      : $   67,764.00
   coinbase    : $   67,859.00
   bybit       : $   67,888.00
   binance     : $   67,897.00
   kraken      : $   67,944.00
   â†’ Spread total: 0.266%
01:03:41 [AntiGravity.Sentiment] INFO: Sentimiento SIMULADO â†’ ğŸ˜ğŸŸ¡ BITCOIN | Score: -0.030 | Tweets: 101 | NEUTRAL
01:03:41 [AntiGravity.Monitor] INFO:   ğŸ˜ğŸŸ¡ BITCOIN | Score: -0.030 | Tweets: 101 | NEUTRAL
01:03:42 [AntiGravity.Monitor] INFO: 
ğŸ” Analizando ETHEREUM...
01:03:42 [AntiGravity.Monitor] INFO:   ğŸ’° Precio global: $2,050.59 (+10.81% 24h)
01:03:42 [AntiGravity.PriceFetcher] INFO: ğŸ“¡ Obteniendo tickers de ethereum (1 llamada para 5 exchanges)...
01:03:43 [AntiGravity.PriceFetcher] INFO:   â†’ Precios reales obtenidos: 5/5 exchanges
01:03:43 [AntiGravity.Monitor] INFO: 
ğŸ’° Precios de ETHEREUM:
   kucoin      : $    2,048.82
   bybit       : $    2,048.82
   kraken      : $    2,050.19
   coinbase    : $    2,051.10
   binance     : $    2,055.44
   â†’ Spread total: 0.323%
01:03:43 [AntiGravity.Sentiment] INFO: Sentimiento SIMULADO â†’ ğŸš€ğŸŸ¢ ETHEREUM | Score: +0.631 | Tweets: 92 | BULLISH
01:03:43 [AntiGravity.Monitor] INFO:   ğŸš€ğŸŸ¢ ETHEREUM | Score: +0.631 | Tweets: 92 | BULLISH
01:03:45 [AntiGravity.Monitor] INFO: 
ğŸ” Analizando SOLANA...
01:03:45 [AntiGravity.Monitor] INFO:   ğŸ’° Precio global: $87.93 (+11.19% 24h)
01:03:45 [AntiGravity.PriceFetcher] INFO: ğŸ“¡ Obteniendo tickers de solana (1 llamada para 5 exchanges)...
01:03:46 [AntiGravity.PriceFetcher] INFO:   â†’ Precios reales obtenidos: 5/5 exchanges
01:03:46 [AntiGravity.Monitor] INFO: 
ğŸ’° Precios de SOLANA:
   bybit       : $       87.87
   coinbase    : $       87.91
   kucoin      : $       87.92
   binance     : $       88.03
   kraken      : $       88.05
   â†’ Spread total: 0.205%
01:03:46 [AntiGravity.Sentiment] INFO: Sentimiento SIMULADO â†’ ğŸš€ğŸŸ¢ SOLANA | Score: +0.355 | Tweets: 73 | BULLISH
01:03:46 [AntiGravity.Monitor] INFO:   ğŸš€ğŸŸ¢ SOLANA | Score: +0.355 | Tweets: 73 | BULLISH
01:03:48 [AntiGravity.Monitor] INFO: 
ğŸ” Analizando BINANCECOIN...
01:03:48 [AntiGravity.Monitor] INFO:   ğŸ’° Precio global: $628.27 (+7.62% 24h)
01:03:48 [AntiGravity.PriceFetcher] INFO: ğŸ“¡ Obteniendo tickers de binancecoin (1 llamada para 5 exchanges)...
01:03:48 [AntiGravity.PriceFetcher] WARNING: â³ Rate limit (429) en intento 1/3. Esperando 15s antes de reintentar...
01:04:03 [AntiGravity.PriceFetcher] WARNING: â³ Rate limit (429) en intento 2/3. Esperando 30s antes de reintentar...
01:04:33 [AntiGravity.PriceFetcher] WARNING: â³ Rate limit (429) en intento 3/3. Esperando 60s antes de reintentar...
01:05:33 [AntiGravity.PriceFetcher] ERROR: âŒ Fallo definitivo tras 3 intentos: https://api.coingecko.com/api/v3/coins/binancecoin/tickers
01:05:33 [AntiGravity.PriceFetcher] INFO:   â†’ Precios reales obtenidos: 0/5 exchanges
01:05:33 [AntiGravity.PriceFetcher] WARNING: âš ï¸ Solo 0 exchange(s) con datos reales para binancecoin. Activando fallback a precios simulados...
01:05:33 [AntiGravity.PriceFetcher] INFO: ğŸ­ Precios SIMULADOS para binancecoin: {'binance': 626.63, 'coinbase': 624.48, 'kraken': 636.58, 'kucoin': 620.11, 'bybit': 619.17}
01:05:33 [AntiGravity.Monitor] INFO: 
ğŸ’° Precios de BINANCECOIN:
   bybit       : $      619.17
   kucoin      : $      620.11
   coinbase    : $      624.48
   binance     : $      626.63
   kraken      : $      636.58
   â†’ Spread total: 2.812%
01:05:33 [AntiGravity.Sentiment] INFO: Sentimiento SIMULADO â†’ ğŸ˜ğŸŸ¡ BINANCECOIN | Score: +0.086 | Tweets: 102 | NEUTRAL
01:05:33 [AntiGravity.Monitor] INFO:   ğŸ˜ğŸŸ¡ BINANCECOIN | Score: +0.086 | Tweets: 102 | NEUTRAL
01:05:33 [AntiGravity.Arbitrage] INFO: ğŸ¯ OPORTUNIDAD DETECTADA: 
=======================================================
  ğŸ’ ARBITRAJE: BINANCECOIN
  ğŸŸ¢ COMPRAR en bybit     : $619.17
  ğŸ”´ VENDER en  kraken    : $636.58
  ğŸ“Š Spread bruto:  +2.812%
  ğŸ’µ Spread neto:   +2.412% (despuÃ©s de ~0.4% en fees)
  ğŸ’° Profit estimado: $24.12 (sobre $1000)
  âœ… VIABLE
=======================================================
01:05:33 [AntiGravity.Monitor] INFO: 
  
=======================================================
  ğŸ’ ARBITRAJE: BINANCECOIN
  ğŸŸ¢ COMPRAR en bybit     : $619.17
  ğŸ”´ VENDER en  kraken    : $636.58
  ğŸ“Š Spread bruto:  +2.812%
  ğŸ’µ Spread neto:   +2.412% (despuÃ©s de ~0.4% en fees)
  ğŸ’° Profit estimado: $24.12 (sobre $1000)
  âœ… VIABLE
=======================================================
01:05:33 [AntiGravity.Simulator] INFO: ğŸ’° TRADE SIMULADO | BINANCECOIN
   Compra en bybit @ $619.17
   Venta en  kraken @ $636.58
   Capital: $550.00 | Profit neto: $+13.23 (+2.406%)
   Sentimiento: NEUTRAL (+0.086) | Risk mult: x1.10
01:05:33 [AntiGravity.Notifier] INFO: ALERTA: Oportunidad de Arbitraje
01:05:35 [AntiGravity.Monitor] INFO: 
ğŸ” Analizando RIPPLE...
01:05:35 [AntiGravity.Monitor] INFO:   ğŸ’° Precio global: $1.43 (+6.35% 24h)
01:05:35 [AntiGravity.PriceFetcher] INFO: ğŸ“¡ Obteniendo tickers de ripple (1 llamada para 5 exchanges)...
01:05:36 [AntiGravity.PriceFetcher] INFO:   â†’ Precios reales obtenidos: 5/5 exchanges
01:05:36 [AntiGravity.Monitor] INFO: 
ğŸ’° Precios de RIPPLE:
   binance     : $        1.43
   coinbase    : $        1.43
   kucoin      : $        1.43
   bybit       : $        1.43
   kraken      : $        1.43
   â†’ Spread total: 0.000%
01:05:36 [AntiGravity.Sentiment] INFO: Sentimiento SIMULADO â†’ ğŸ˜ğŸŸ¡ RIPPLE | Score: -0.149 | Tweets: 106 | NEUTRAL
01:05:36 [AntiGravity.Monitor] INFO:   ğŸ˜ğŸŸ¡ RIPPLE | Score: -0.149 | Tweets: 106 | NEUTRAL
01:05:37 [AntiGravity.Monitor] INFO: â±ï¸ Ciclo completado en 122.9s. PrÃ³ximo en 0s...
01:05:37 [AntiGravity.Monitor] INFO: 
â”€â”€â”€â”€â”€â”€â”€â”€â”€â”€â”€â”€â”€â”€â”€â”€â”€â”€â”€â”€â”€â”€â”€â”€â”€â”€â”€â”€â”€â”€â”€â”€â”€â”€â”€â”€â”€â”€â”€â”€â”€â”€â”€â”€â”€â”€â”€â”€â”€â”€â”€â”€â”€â”€â”€
01:05:37 [AntiGravity.Monitor] INFO: ğŸ”„ CICLO #2 | 2026-02-26 01:05:37
01:05:37 [AntiGravity.Monitor] INFO: â”€â”€â”€â”€â”€â”€â”€â”€â”€â”€â”€â”€â”€â”€â”€â”€â”€â”€â”€â”€â”€â”€â”€â”€â”€â”€â”€â”€â”€â”€â”€â”€â”€â”€â”€â”€â”€â”€â”€â”€â”€â”€â”€â”€â”€â”€â”€â”€â”€â”€â”€â”€â”€â”€â”€
01:05:38 [AntiGravity.Sentiment] INFO: ğŸ”® Fear & Greed Index: 11 (Extreme Fear)
01:05:39 [AntiGravity.Monitor] INFO: 
ğŸ” Analizando BITCOIN...
01:05:39 [AntiGravity.Monitor] INFO:   ğŸ’° Precio global: $67,858.00 (+5.94% 24h)
01:05:39 [AntiGravity.PriceFetcher] INFO: ğŸ“¡ Obteniendo tickers de bitcoin (1 llamada para 5 exchanges)...
01:05:41 [AntiGravity.PriceFetcher] INFO:   â†’ Precios reales obtenidos: 5/5 exchanges
01:05:41 [AntiGravity.Monitor] INFO: 
ğŸ’° Precios de BITCOIN:
   bybit       : $   67,753.00
   coinbase    : $   67,753.00
   binance     : $   67,791.00
   kraken      : $   67,841.00
   kucoin      : $   67,905.00
   â†’ Spread total: 0.224%
01:05:41 [AntiGravity.Sentiment] INFO: Sentimiento SIMULADO â†’ ğŸ˜ğŸŸ¡ BITCOIN | Score: -0.085 | Tweets: 101 | NEUTRAL
01:05:41 [AntiGravity.Monitor] INFO:   ğŸ˜ğŸŸ¡ BITCOIN | Score: -0.085 | Tweets: 101 | NEUTRAL
01:05:42 [AntiGravity.Monitor] INFO: 
ğŸ” Analizando ETHEREUM...
01:05:42 [AntiGravity.Monitor] INFO:   ğŸ’° Precio global: $2,052.51 (+10.91% 24h)
01:05:42 [AntiGravity.PriceFetcher] INFO: ğŸ“¡ Obteniendo tickers de ethereum (1 llamada para 5 exchanges)...
01:05:43 [AntiGravity.PriceFetcher] INFO:   â†’ Precios reales obtenidos: 5/5 exchanges
01:05:43 [AntiGravity.Monitor] INFO: 
ğŸ’° Precios de ETHEREUM:
   kucoin      : $    2,048.82
   bybit       : $    2,048.82
   kraken      : $    2,050.19
   coinbase    : $    2,051.10
   binance     : $    2,055.44
   â†’ Spread total: 0.323%
01:05:43 [AntiGravity.Sentiment] INFO: Sentimiento SIMULADO â†’ ğŸš€ğŸŸ¢ ETHEREUM | Score: +0.222 | Tweets: 75 | BULLISH
01:05:43 [AntiGravity.Monitor] INFO:   ğŸš€ğŸŸ¢ ETHEREUM | Score: +0.222 | Tweets: 75 | BULLISH
01:05:45 [AntiGravity.Monitor] INFO: 
ğŸ” Analizando SOLANA...
01:05:45 [AntiGravity.Monitor] INFO:   ğŸ’° Precio global: $87.98 (+11.25% 24h)
01:05:45 [AntiGravity.PriceFetcher] INFO: ğŸ“¡ Obteniendo tickers de solana (1 llamada para 5 exchanges)...
01:05:45 [AntiGravity.PriceFetcher] WARNING: â³ Rate limit (429) en intento 1/3. Esperando 15s antes de reintentar...
01:06:00 [AntiGravity.PriceFetcher] WARNING: â³ Rate limit (429) en intento 2/3. Esperando 30s antes de reintentar...
01:06:30 [AntiGravity.PriceFetcher] WARNING: â³ Rate limit (429) en intento 3/3. Esperando 60s antes de reintentar...
01:07:30 [AntiGravity.PriceFetcher] ERROR: âŒ Fallo definitivo tras 3 intentos: https://api.coingecko.com/api/v3/coins/solana/tickers
01:07:30 [AntiGravity.PriceFetcher] INFO:   â†’ Precios reales obtenidos: 0/5 exchanges
01:07:30 [AntiGravity.PriceFetcher] WARNING: âš ï¸ Solo 0 exchange(s) con datos reales para solana. Activando fallback a precios simulados...
01:07:30 [AntiGravity.PriceFetcher] INFO: ğŸ­ Precios SIMULADOS para solana: {'binance': 86.96, 'coinbase': 89.25, 'kraken': 87.89, 'kucoin': 88.98, 'bybit': 87.35}
01:07:30 [AntiGravity.Monitor] INFO: 
ğŸ’° Precios de SOLANA:
   binance     : $       86.96
   bybit       : $       87.35
   kraken      : $       87.89
   kucoin      : $       88.98
   coinbase    : $       89.25
   â†’ Spread total: 2.633%
01:07:30 [AntiGravity.Sentiment] INFO: Sentimiento SIMULADO â†’ ğŸ˜ğŸŸ¡ SOLANA | Score: -0.154 | Tweets: 80 | NEUTRAL
01:07:30 [AntiGravity.Monitor] INFO:   ğŸ˜ğŸŸ¡ SOLANA | Score: -0.154 | Tweets: 80 | NEUTRAL
01:07:30 [AntiGravity.Arbitrage] INFO: ğŸ¯ OPORTUNIDAD DETECTADA: 
=======================================================
  ğŸ’ ARBITRAJE: SOLANA
  ğŸŸ¢ COMPRAR en binance   : $86.96
  ğŸ”´ VENDER en  coinbase  : $89.25
  ğŸ“Š Spread bruto:  +2.633%
  ğŸ’µ Spread neto:   +2.233% (despuÃ©s de ~0.4% en fees)
  ğŸ’° Profit estimado: $22.33 (sobre $1000)
  âœ… VIABLE
=======================================================
01:07:30 [AntiGravity.Monitor] INFO: 
  
=======================================================
  ğŸ’ ARBITRAJE: SOLANA
  ğŸŸ¢ COMPRAR en binance   : $86.96
  ğŸ”´ VENDER en  coinbase  : $89.25
  ğŸ“Š Spread bruto:  +2.633%
  ğŸ’µ Spread neto:   +2.233% (despuÃ©s de ~0.4% en fees)
  ğŸ’° Profit estimado: $22.33 (sobre $1000)
  âœ… VIABLE
=======================================================
01:07:30 [AntiGravity.Simulator] INFO: ğŸ’° TRADE SIMULADO | SOLANA
   Compra en binance @ $86.96
   Venta en  coinbase @ $89.25
   Capital: $506.62 | Profit neto: $+11.29 (+2.228%)
   Sentimiento: NEUTRAL (-0.154) | Risk mult: x1.00
01:07:30 [AntiGravity.Notifier] INFO: ALERTA: Oportunidad de Arbitraje
01:07:32 [AntiGravity.Monitor] INFO: 
ğŸ” Analizando BINANCECOIN...
01:07:32 [AntiGravity.Monitor] INFO:   ğŸ’° Precio global: $628.46 (+7.70% 24h)
01:07:32 [AntiGravity.PriceFetcher] INFO: ğŸ“¡ Obteniendo tickers de binancecoin (1 llamada para 5 exchanges)...
01:07:35 [AntiGravity.PriceFetcher] INFO:   â†’ Precios reales obtenidos: 5/5 exchanges
01:07:35 [AntiGravity.Monitor] INFO: 
ğŸ’° Precios de BINANCECOIN:
   kraken      : $      627.98
   bybit       : $      628.05
   kucoin      : $      628.24
   binance     : $      628.80
   coinbase    : $      628.80
   â†’ Spread total: 0.131%
01:07:35 [AntiGravity.Sentiment] INFO: Sentimiento SIMULADO â†’ ğŸš€ğŸŸ¢ BINANCECOIN | Score: +0.274 | Tweets: 141 | BULLISH
01:07:35 [AntiGravity.Monitor] INFO:   ğŸš€ğŸŸ¢ BINANCECOIN | Score: +0.274 | Tweets: 141 | BULLISH
01:07:37 [AntiGravity.Monitor] INFO: 
ğŸ” Analizando RIPPLE...
01:07:37 [AntiGravity.Monitor] INFO:   ğŸ’° Precio global: $1.43 (+6.30% 24h)
01:07:37 [AntiGravity.PriceFetcher] INFO: ğŸ“¡ Obteniendo tickers de ripple (1 llamada para 5 exchanges)...
01:07:38 [AntiGravity.PriceFetcher] INFO:   â†’ Precios reales obtenidos: 5/5 exchanges
01:07:38 [AntiGravity.Monitor] INFO: 
ğŸ’° Precios de RIPPLE:
   binance     : $        1.43
   coinbase    : $        1.43
   kucoin      : $        1.43
   bybit       : $        1.43
   kraken      : $        1.43
   â†’ Spread total: 0.000%
01:07:38 [AntiGravity.Sentiment] INFO: Sentimiento SIMULADO â†’ ğŸ˜ğŸŸ¡ RIPPLE | Score: +0.032 | Tweets: 125 | NEUTRAL
01:07:38 [AntiGravity.Monitor] INFO:   ğŸ˜ğŸŸ¡ RIPPLE | Score: +0.032 | Tweets: 125 | NEUTRAL
01:07:39 [AntiGravity.Monitor] INFO: â±ï¸ Ciclo completado en 121.8s. PrÃ³ximo en 0s...
01:07:39 [AntiGravity.Monitor] INFO: 
â”€â”€â”€â”€â”€â”€â”€â”€â”€â”€â”€â”€â”€â”€â”€â”€â”€â”€â”€â”€â”€â”€â”€â”€â”€â”€â”€â”€â”€â”€â”€â”€â”€â”€â”€â”€â”€â”€â”€â”€â”€â”€â”€â”€â”€â”€â”€â”€â”€â”€â”€â”€â”€â”€â”€
01:07:39 [AntiGravity.Monitor] INFO: ğŸ”„ CICLO #3 | 2026-02-26 01:07:39
01:07:39 [AntiGravity.Monitor] INFO: â”€â”€â”€â”€â”€â”€â”€â”€â”€â”€â”€â”€â”€â”€â”€â”€â”€â”€â”€â”€â”€â”€â”€â”€â”€â”€â”€â”€â”€â”€â”€â”€â”€â”€â”€â”€â”€â”€â”€â”€â”€â”€â”€â”€â”€â”€â”€â”€â”€â”€â”€â”€â”€â”€â”€
01:07:40 [AntiGravity.Sentiment] INFO: ğŸ”® Fear & Greed Index: 11 (Extreme Fear)
01:07:40 [AntiGravity.Monitor] INFO: 
ğŸ” Analizando BITCOIN...
01:07:40 [AntiGravity.Monitor] INFO:   ğŸ’° Precio global: $67,855.00 (+5.92% 24h)
01:07:40 [AntiGravity.PriceFetcher] INFO: ğŸ“¡ Obteniendo tickers de bitcoin (1 llamada para 5 exchanges)...
01:07:42 [AntiGravity.PriceFetcher] WARNING: â³ Rate limit (429) en intento 1/3. Esperando 15s antes de reintentar...
01:07:57 [AntiGravity.PriceFetcher] WARNING: â³ Rate limit (429) en intento 2/3. Esperando 30s antes de reintentar...
01:08:27 [AntiGravity.PriceFetcher] WARNING: â³ Rate limit (429) en intento 3/3. Esperando 60s antes de reintentar...
01:09:27 [AntiGravity.PriceFetcher] ERROR: âŒ Fallo definitivo tras 3 intentos: https://api.coingecko.com/api/v3/coins/bitcoin/tickers
01:09:27 [AntiGravity.PriceFetcher] INFO:   â†’ Precios reales obtenidos: 0/5 exchanges
01:09:27 [AntiGravity.PriceFetcher] WARNING: âš ï¸ Solo 0 exchange(s) con datos reales para bitcoin. Activando fallback a precios simulados...
01:09:27 [AntiGravity.PriceFetcher] INFO: ğŸ­ Precios SIMULADOS para bitcoin: {'binance': 67704.9, 'coinbase': 67767.51, 'kraken': 67646.57, 'kucoin': 67208.45, 'bybit': 68211.27}
01:09:27 [AntiGravity.Monitor] INFO: 
ğŸ’° Precios de BITCOIN:
   kucoin      : $   67,208.45
   kraken      : $   67,646.57
   binance     : $   67,704.90
   coinbase    : $   67,767.51
   bybit       : $   68,211.27
   â†’ Spread total: 1.492%
01:09:27 [AntiGravity.Sentiment] INFO: Sentimiento SIMULADO â†’ ğŸ˜ğŸŸ¡ BITCOIN | Score: +0.027 | Tweets: 71 | NEUTRAL
01:09:27 [AntiGravity.Monitor] INFO:   ğŸ˜ğŸŸ¡ BITCOIN | Score: +0.027 | Tweets: 71 | NEUTRAL
01:09:27 [AntiGravity.Arbitrage] INFO: ğŸ¯ OPORTUNIDAD DETECTADA: 
=======================================================
  ğŸ’ ARBITRAJE: BITCOIN
  ğŸŸ¢ COMPRAR en kucoin    : $67,208.45
  ğŸ”´ VENDER en  bybit     : $68,211.27
  ğŸ“Š Spread bruto:  +1.492%
  ğŸ’µ Spread neto:   +1.092% (despuÃ©s de ~0.4% en fees)
  ğŸ’° Profit estimado: $10.92 (sobre $1000)
  âœ… VIABLE
=======================================================
01:09:27 [AntiGravity.Monitor] INFO: 
  
=======================================================
  ğŸ’ ARBITRAJE: BITCOIN
  ğŸŸ¢ COMPRAR en kucoin    : $67,208.45
  ğŸ”´ VENDER en  bybit     : $68,211.27
  ğŸ“Š Spread bruto:  +1.492%
  ğŸ’µ Spread neto:   +1.092% (despuÃ©s de ~0.4% en fees)
  ğŸ’° Profit estimado: $10.92 (sobre $1000)
  âœ… VIABLE
=======================================================
01:09:27 [AntiGravity.Simulator] INFO: ğŸ’° TRADE SIMULADO | BITCOIN
   Compra en kucoin @ $67,208.45
   Venta en  bybit @ $68,211.27
   Capital: $512.26 | Profit neto: $+5.58 (+1.089%)
   Sentimiento: NEUTRAL (+0.027) | Risk mult: x1.00
01:09:27 [AntiGravity.Notifier] INFO: ALERTA: Oportunidad de Arbitraje
01:09:29 [AntiGravity.Monitor] INFO: 
ğŸ” Analizando ETHEREUM...
01:09:29 [AntiGravity.Monitor] INFO:   ğŸ’° Precio global: $2,052.92 (+10.95% 24h)
01:09:29 [AntiGravity.PriceFetcher] INFO: ğŸ“¡ Obteniendo tickers de ethereum (1 llamada para 5 exchanges)...
01:09:30 [AntiGravity.PriceFetcher] INFO:   â†’ Precios reales obtenidos: 5/5 exchanges
01:09:30 [AntiGravity.Monitor] INFO: 
ğŸ’° Precios de ETHEREUM:
   bybit       : $    2,058.69
   coinbase    : $    2,058.90
   kraken      : $    2,058.94
   binance     : $    2,059.03
   kucoin      : $    2,059.12
   â†’ Spread total: 0.021%
01:09:30 [AntiGravity.Sentiment] INFO: Sentimiento SIMULADO â†’ ğŸš€ğŸŸ¢ ETHEREUM | Score: +0.306 | Tweets: 22 | BULLISH
01:09:30 [AntiGravity.Monitor] INFO:   ğŸš€ğŸŸ¢ ETHEREUM | Score: +0.306 | Tweets: 22 | BULLISH
01:09:31 [AntiGravity.Monitor] INFO: 
ğŸ” Analizando SOLANA...
01:09:31 [AntiGravity.Monitor] INFO:   ğŸ’° Precio global: $88.01 (+11.44% 24h)
01:09:31 [AntiGravity.PriceFetcher] INFO: ğŸ“¡ Obteniendo tickers de solana (1 llamada para 5 exchanges)...
01:09:32 [AntiGravity.PriceFetcher] INFO:   â†’ Precios reales obtenidos: 5/5 exchanges
01:09:32 [AntiGravity.Monitor] INFO: 
ğŸ’° Precios de SOLANA:
   kucoin      : $       88.42
   binance     : $       88.48
   bybit       : $       88.61
   kraken      : $       88.67
   coinbase    : $       88.69
   â†’ Spread total: 0.305%
01:09:32 [AntiGravity.Sentiment] INFO: Sentimiento SIMULADO â†’ ğŸ˜ğŸŸ¡ SOLANA | Score: -0.193 | Tweets: 30 | NEUTRAL
01:09:32 [AntiGravity.Monitor] INFO:   ğŸ˜ğŸŸ¡ SOLANA | Score: -0.193 | Tweets: 30 | NEUTRAL
01:09:34 [AntiGravity.Monitor] INFO: 
ğŸ” Analizando BINANCECOIN...
01:09:34 [AntiGravity.Monitor] INFO:   ğŸ’° Precio global: $628.28 (+7.67% 24h)
01:09:34 [AntiGravity.PriceFetcher] INFO: ğŸ“¡ Obteniendo tickers de binancecoin (1 llamada para 5 exchanges)...
01:09:37 [AntiGravity.PriceFetcher] INFO:   â†’ Precios reales obtenidos: 5/5 exchanges
01:09:37 [AntiGravity.Monitor] INFO: 
ğŸ’° Precios de BINANCECOIN:
   bybit       : $      630.04
   kucoin      : $      630.37
   kraken      : $      630.38
   coinbase    : $      630.48
   binance     : $      630.77
   â†’ Spread total: 0.116%
01:09:37 [AntiGravity.Sentiment] INFO: Sentimiento SIMULADO â†’ ğŸš€ğŸŸ¢ BINANCECOIN | Score: +0.574 | Tweets: 50 | BULLISH
01:09:37 [AntiGravity.Monitor] INFO:   ğŸš€ğŸŸ¢ BINANCECOIN | Score: +0.574 | Tweets: 50 | BULLISH
01:09:39 [AntiGravity.Monitor] INFO: 
ğŸ” Analizando RIPPLE...
01:09:39 [AntiGravity.Monitor] INFO:   ğŸ’° Precio global: $1.43 (+6.23% 24h)
01:09:39 [AntiGravity.PriceFetcher] INFO: ğŸ“¡ Obteniendo tickers de ripple (1 llamada para 5 exchanges)...
01:09:39 [AntiGravity.PriceFetcher] WARNING: â³ Rate limit (429) en intento 1/3. Esperando 15s antes de reintentar...
01:09:54 [AntiGravity.PriceFetcher] WARNING: â³ Rate limit (429) en intento 2/3. Esperando 30s antes de reintentar...
01:10:24 [AntiGravity.PriceFetcher] WARNING: â³ Rate limit (429) en intento 3/3. Esperando 60s antes de reintentar...
01:11:24 [AntiGravity.PriceFetcher] ERROR: âŒ Fallo definitivo tras 3 intentos: https://api.coingecko.com/api/v3/coins/ripple/tickers
01:11:24 [AntiGravity.PriceFetcher] INFO:   â†’ Precios reales obtenidos: 0/5 exchanges
01:11:24 [AntiGravity.PriceFetcher] WARNING: âš ï¸ Solo 0 exchange(s) con datos reales para ripple. Activando fallback a precios simulados...
01:11:25 [AntiGravity.PriceFetcher] INFO: ğŸ­ Precios SIMULADOS para ripple: {'binance': 1.41, 'coinbase': 1.42, 'kraken': 1.45, 'kucoin': 1.45, 'bybit': 1.42}
01:11:25 [AntiGravity.Monitor] INFO: 
ğŸ’° Precios de RIPPLE:
   binance     : $        1.41
   coinbase    : $        1.42
   bybit       : $        1.42
   kraken      : $        1.45
   kucoin      : $        1.45
   â†’ Spread total: 2.837%
01:11:25 [AntiGravity.Sentiment] INFO: Sentimiento SIMULADO â†’ ğŸš€ğŸŸ¢ RIPPLE | Score: +0.220 | Tweets: 54 | BULLISH
01:11:25 [AntiGravity.Monitor] INFO:   ğŸš€ğŸŸ¢ RIPPLE | Score: +0.220 | Tweets: 54 | BULLISH
01:11:25 [AntiGravity.Arbitrage] INFO: ğŸ¯ OPORTUNIDAD DETECTADA: 
=======================================================
  ğŸ’ ARBITRAJE: RIPPLE
  ğŸŸ¢ COMPRAR en binance   : $1.41
  ğŸ”´ VENDER en  kraken    : $1.45
  ğŸ“Š Spread bruto:  +2.837%
  ğŸ’µ Spread neto:   +2.437% (despuÃ©s de ~0.4% en fees)
  ğŸ’° Profit estimado: $24.37 (sobre $1000)
  âœ… VIABLE
=======================================================
01:11:25 [AntiGravity.Monitor] INFO: 
  
=======================================================
  ğŸ’ ARBITRAJE: RIPPLE
  ğŸŸ¢ COMPRAR en binance   : $1.41
  ğŸ”´ VENDER en  kraken    : $1.45
  ğŸ“Š Spread bruto:  +2.837%
  ğŸ’µ Spread neto:   +2.437% (despuÃ©s de ~0.4% en fees)
  ğŸ’° Profit estimado: $24.37 (sobre $1000)
  âœ… VIABLE
=======================================================
01:11:25 [AntiGravity.Simulator] INFO: ğŸ’° TRADE SIMULADO | RIPPLE
   Compra en binance @ $1.41
   Venta en  kraken @ $1.45
   Capital: $618.06 | Profit neto: $+15.03 (+2.431%)
   Sentimiento: BULLISH (+0.220) | Risk mult: x1.20
01:11:25 [AntiGravity.Notifier] INFO: ALERTA: Oportunidad de Arbitraje
01:11:26 [AntiGravity.Monitor] INFO: â±ï¸ Ciclo completado en 226.9s. PrÃ³ximo en 0s...
01:11:26 [AntiGravity.Monitor] INFO: 
â”€â”€â”€â”€â”€â”€â”€â”€â”€â”€â”€â”€â”€â”€â”€â”€â”€â”€â”€â”€â”€â”€â”€â”€â”€â”€â”€â”€â”€â”€â”€â”€â”€â”€â”€â”€â”€â”€â”€â”€â”€â”€â”€â”€â”€â”€â”€â”€â”€â”€â”€â”€â”€â”€â”€
01:11:26 [AntiGravity.Monitor] INFO: ğŸ”„ CICLO #4 | 2026-02-26 01:11:26
01:11:26 [AntiGravity.Monitor] INFO: â”€â”€â”€â”€â”€â”€â”€â”€â”€â”€â”€â”€â”€â”€â”€â”€â”€â”€â”€â”€â”€â”€â”€â”€â”€â”€â”€â”€â”€â”€â”€â”€â”€â”€â”€â”€â”€â”€â”€â”€â”€â”€â”€â”€â”€â”€â”€â”€â”€â”€â”€â”€â”€â”€â”€
01:11:27 [AntiGravity.Sentiment] INFO: ğŸ”® Fear & Greed Index: 11 (Extreme Fear)
01:11:27 [AntiGravity.Monitor] INFO: 
ğŸ” Analizando BITCOIN...
01:11:27 [AntiGravity.Monitor] INFO:   ğŸ’° Precio global: $68,036.00 (+6.34% 24h)
01:11:27 [AntiGravity.PriceFetcher] INFO: ğŸ“¡ Obteniendo tickers de bitcoin (1 llamada para 5 exchanges)...
01:11:29 [AntiGravity.PriceFetcher] INFO:   â†’ Precios reales obtenidos: 5/5 exchanges
01:11:29 [AntiGravity.Monitor] INFO: 
ğŸ’° Precios de BITCOIN:
   kraken      : $   67,973.00
   coinbase    : $   67,978.00
   bybit       : $   67,981.00
   kucoin      : $   67,991.00
   binance     : $   67,993.00
   â†’ Spread total: 0.029%
01:11:29 [AntiGravity.Sentiment] INFO: Sentimiento SIMULADO â†’ ğŸš€ğŸŸ¢ BITCOIN | Score: +0.358 | Tweets: 138 | BULLISH
01:11:29 [AntiGravity.Monitor] INFO:   ğŸš€ğŸŸ¢ BITCOIN | Score: +0.358 | Tweets: 138 | BULLISH
01:11:31 [AntiGravity.Monitor] INFO: 
ğŸ” Analizando ETHEREUM...
01:11:31 [AntiGravity.Monitor] INFO:   ğŸ’° Precio global: $2,062.30 (+11.57% 24h)
01:11:31 [AntiGravity.PriceFetcher] INFO: ğŸ“¡ Obteniendo tickers de ethereum (1 llamada para 5 exchanges)...
01:11:32 [AntiGravity.PriceFetcher] INFO:   â†’ Precios reales obtenidos: 5/5 exchanges
01:11:32 [AntiGravity.Monitor] INFO: 
ğŸ’° Precios de ETHEREUM:
   kraken      : $    2,058.94
   kucoin      : $    2,062.44
   coinbase    : $    2,062.80
   bybit       : $    2,062.85
   binance     : $    2,063.70
   â†’ Spread total: 0.231%
01:11:32 [AntiGravity.Sentiment] INFO: Sentimiento SIMULADO â†’ ğŸ’€ğŸ”´ ETHEREUM | Score: -0.322 | Tweets: 16 | BEARISH
01:11:32 [AntiGravity.Monitor] INFO:   ğŸ’€ğŸ”´ ETHEREUM | Score: -0.322 | Tweets: 16 | BEARISH
01:11:33 [AntiGravity.Monitor] INFO: 
ğŸ” Analizando SOLANA...
01:11:33 [AntiGravity.Monitor] INFO:   ğŸ’° Precio global: $88.35 (+11.95% 24h)
01:11:33 [AntiGravity.PriceFetcher] INFO: ğŸ“¡ Obteniendo tickers de solana (1 llamada para 5 exchanges)...
01:11:35 [AntiGravity.PriceFetcher] INFO:   â†’ Precios reales obtenidos: 5/5 exchanges
01:11:35 [AntiGravity.Monitor] INFO: 
ğŸ’° Precios de SOLANA:
   kucoin      : $       88.54
   binance     : $       88.64
   bybit       : $       88.64
   kraken      : $       88.67
   coinbase    : $       88.69
   â†’ Spread total: 0.169%
01:11:35 [AntiGravity.Sentiment] INFO: Sentimiento SIMULADO â†’ ğŸ˜ğŸŸ¡ SOLANA | Score: +0.173 | Tweets: 22 | NEUTRAL
01:11:35 [AntiGravity.Monitor] INFO:   ğŸ˜ğŸŸ¡ SOLANA | Score: +0.173 | Tweets: 22 | NEUTRAL
01:11:36 [AntiGravity.Monitor] INFO: 
ğŸ” Analizando BINANCECOIN...
01:11:36 [AntiGravity.Monitor] INFO:   ğŸ’° Precio global: $630.59 (+8.05% 24h)
01:11:36 [AntiGravity.PriceFetcher] INFO: ğŸ“¡ Obteniendo tickers de binancecoin (1 llamada para 5 exchanges)...
01:11:37 [AntiGravity.PriceFetcher] WARNING: â³ Rate limit (429) en intento 1/3. Esperando 15s antes de reintentar...
01:11:52 [AntiGravity.PriceFetcher] WARNING: â³ Rate limit (429) en intento 2/3. Esperando 30s antes de reintentar...
01:12:22 [AntiGravity.PriceFetcher] WARNING: â³ Rate limit (429) en intento 3/3. Esperando 60s antes de reintentar...
01:13:22 [AntiGravity.PriceFetcher] ERROR: âŒ Fallo definitivo tras 3 intentos: https://api.coingecko.com/api/v3/coins/binancecoin/tickers
01:13:22 [AntiGravity.PriceFetcher] INFO:   â†’ Precios reales obtenidos: 0/5 exchanges
01:13:22 [AntiGravity.PriceFetcher] WARNING: âš ï¸ Solo 0 exchange(s) con datos reales para binancecoin. Activando fallback a precios simulados...
01:13:22 [AntiGravity.PriceFetcher] INFO: ğŸ­ Precios SIMULADOS para binancecoin: {'binance': 625.15, 'coinbase': 626.16, 'kraken': 623.06, 'kucoin': 627.14, 'bybit': 630.62}
01:13:22 [AntiGravity.Monitor] INFO: 
ğŸ’° Precios de BINANCECOIN:
   kraken      : $      623.06
   binance     : $      625.15
   coinbase    : $      626.16
   kucoin      : $      627.14
   bybit       : $      630.62
   â†’ Spread total: 1.213%
01:13:22 [AntiGravity.Sentiment] INFO: Sentimiento SIMULADO â†’ ğŸ˜ğŸŸ¡ BINANCECOIN | Score: +0.049 | Tweets: 56 | NEUTRAL
01:13:22 [AntiGravity.Monitor] INFO:   ğŸ˜ğŸŸ¡ BINANCECOIN | Score: +0.049 | Tweets: 56 | NEUTRAL
01:13:22 [AntiGravity.Arbitrage] INFO: ğŸ¯ OPORTUNIDAD DETECTADA: 
=======================================================
  ğŸ’ ARBITRAJE: BINANCECOIN
  ğŸŸ¢ COMPRAR en kraken    : $623.06
  ğŸ”´ VENDER en  bybit     : $630.62
  ğŸ“Š Spread bruto:  +1.213%
  ğŸ’µ Spread neto:   +0.813% (despuÃ©s de ~0.4% en fees)
  ğŸ’° Profit estimado: $8.13 (sobre $1000)
  âœ… VIABLE
=======================================================
01:13:22 [AntiGravity.Monitor] INFO: 
  
=======================================================
  ğŸ’ ARBITRAJE: BINANCECOIN
  ğŸŸ¢ COMPRAR en kraken    : $623.06
  ğŸ”´ VENDER en  bybit     : $630.62
  ğŸ“Š Spread bruto:  +1.213%
  ğŸ’µ Spread neto:   +0.813% (despuÃ©s de ~0.4% en fees)
  ğŸ’° Profit estimado: $8.13 (sobre $1000)
  âœ… VIABLE
=======================================================
01:13:22 [AntiGravity.Simulator] INFO: ğŸ’° TRADE SIMULADO | BINANCECOIN
   Compra en kraken @ $623.06
   Venta en  bybit @ $630.62
   Capital: $522.56 | Profit neto: $+4.24 (+0.811%)
   Sentimiento: NEUTRAL (+0.049) | Risk mult: x1.00
01:13:22 [AntiGravity.Notifier] INFO: ALERTA: Oportunidad de Arbitraje
01:13:23 [AntiGravity.Monitor] INFO: 
ğŸ” Analizando RIPPLE...
01:13:23 [AntiGravity.Monitor] INFO:   ğŸ’° Precio global: $1.43 (+6.38% 24h)
01:13:23 [AntiGravity.PriceFetcher] INFO: ğŸ“¡ Obteniendo tickers de ripple (1 llamada para 5 exchanges)...
01:13:24 [AntiGravity.PriceFetcher] INFO:   â†’ Precios reales obtenidos: 5/5 exchanges
01:13:24 [AntiGravity.Monitor] INFO: 
ğŸ’° Precios de RIPPLE:
   binance     : $        1.44
   coinbase    : $        1.44
   kucoin      : $        1.44
   bybit       : $        1.44
   kraken      : $        1.44
   â†’ Spread total: 0.000%
01:13:24 [AntiGravity.Sentiment] INFO: Sentimiento SIMULADO â†’ ğŸ’€ğŸ”´ RIPPLE | Score: -0.504 | Tweets: 108 | BEARISH
01:13:24 [AntiGravity.Monitor] INFO:   ğŸ’€ğŸ”´ RIPPLE | Score: -0.504 | Tweets: 108 | BEARISH
01:13:26 [AntiGravity.Monitor] INFO: â±ï¸ Ciclo completado en 119.8s. PrÃ³ximo en 0s...
01:13:26 [AntiGravity.Monitor] INFO: 
â”€â”€â”€â”€â”€â”€â”€â”€â”€â”€â”€â”€â”€â”€â”€â”€â”€â”€â”€â”€â”€â”€â”€â”€â”€â”€â”€â”€â”€â”€â”€â”€â”€â”€â”€â”€â”€â”€â”€â”€â”€â”€â”€â”€â”€â”€â”€â”€â”€â”€â”€â”€â”€â”€â”€
01:13:26 [AntiGravity.Monitor] INFO: ğŸ”„ CICLO #5 | 2026-02-26 01:13:26
01:13:26 [AntiGravity.Monitor] INFO: â”€â”€â”€â”€â”€â”€â”€â”€â”€â”€â”€â”€â”€â”€â”€â”€â”€â”€â”€â”€â”€â”€â”€â”€â”€â”€â”€â”€â”€â”€â”€â”€â”€â”€â”€â”€â”€â”€â”€â”€â”€â”€â”€â”€â”€â”€â”€â”€â”€â”€â”€â”€â”€â”€â”€
01:13:27 [AntiGravity.Sentiment] INFO: ğŸ”® Fear & Greed Index: 11 (Extreme Fear)
01:13:27 [AntiGravity.Monitor] INFO: 
ğŸ” Analizando BITCOIN...
01:13:27 [AntiGravity.Monitor] INFO:   ğŸ’° Precio global: $68,077.00 (+6.40% 24h)
01:13:27 [AntiGravity.PriceFetcher] INFO: ğŸ“¡ Obteniendo tickers de bitcoin (1 llamada para 5 exchanges)...
01:13:29 [AntiGravity.PriceFetcher] INFO:   â†’ Precios reales obtenidos: 5/5 exchanges
01:13:29 [AntiGravity.Monitor] INFO: 
ğŸ’° Precios de BITCOIN:
   kucoin      : $   68,022.00
   kraken      : $   68,023.00
   coinbase    : $   68,045.00
   bybit       : $   68,076.00
   binance     : $   68,135.00
   â†’ Spread total: 0.166%
01:13:29 [AntiGravity.Sentiment] INFO: Sentimiento SIMULADO â†’ ğŸš€ğŸŸ¢ BITCOIN | Score: +0.598 | Tweets: 79 | BULLISH
01:13:29 [AntiGravity.Monitor] INFO:   ğŸš€ğŸŸ¢ BITCOIN | Score: +0.598 | Tweets: 79 | BULLISH
01:13:31 [AntiGravity.Monitor] INFO: 
ğŸ” Analizando ETHEREUM...
01:13:31 [AntiGravity.Monitor] INFO:   ğŸ’° Precio global: $2,064.21 (+11.67% 24h)
01:13:31 [AntiGravity.PriceFetcher] INFO: ğŸ“¡ Obteniendo tickers de ethereum (1 llamada para 5 exchanges)...
01:13:32 [AntiGravity.PriceFetcher] INFO:   â†’ Precios reales obtenidos: 5/5 exchanges
01:13:32 [AntiGravity.Monitor] INFO: 
ğŸ’° Precios de ETHEREUM:
   kraken      : $    2,058.94
   kucoin      : $    2,062.44
   coinbase    : $    2,062.80
   bybit       : $    2,062.85
   binance     : $    2,063.70
   â†’ Spread total: 0.231%
01:13:32 [AntiGravity.Sentiment] INFO: Sentimiento SIMULADO â†’ ğŸš€ğŸŸ¢ ETHEREUM | Score: +0.332 | Tweets: 58 | BULLISH
01:13:32 [AntiGravity.Monitor] INFO:   ğŸš€ğŸŸ¢ ETHEREUM | Score: +0.332 | Tweets: 58 | BULLISH
01:13:33 [AntiGravity.Monitor] INFO: 
ğŸ” Analizando SOLANA...
01:13:33 [AntiGravity.Monitor] INFO:   ğŸ’° Precio global: $88.44 (+12.06% 24h)
01:13:33 [AntiGravity.PriceFetcher] INFO: ğŸ“¡ Obteniendo tickers de solana (1 llamada para 5 exchanges)...
01:13:34 [AntiGravity.PriceFetcher] WARNING: â³ Rate limit (429) en intento 1/3. Esperando 15s antes de reintentar...
01:13:49 [AntiGravity.PriceFetcher] WARNING: â³ Rate limit (429) en intento 2/3. Esperando 30s antes de reintentar...
01:14:19 [AntiGravity.PriceFetcher] WARNING: â³ Rate limit (429) en intento 3/3. Esperando 60s antes de reintentar...
01:15:19 [AntiGravity.PriceFetcher] ERROR: âŒ Fallo definitivo tras 3 intentos: https://api.coingecko.com/api/v3/coins/solana/tickers
01:15:19 [AntiGravity.PriceFetcher] INFO:   â†’ Precios reales obtenidos: 0/5 exchanges
01:15:19 [AntiGravity.PriceFetcher] WARNING: âš ï¸ Solo 0 exchange(s) con datos reales para solana. Activando fallback a precios simulados...
01:15:19 [AntiGravity.PriceFetcher] INFO: ğŸ­ Precios SIMULADOS para solana: {'binance': 87.92, 'coinbase': 87.88, 'kraken': 88.69, 'kucoin': 87.29, 'bybit': 88.63}
01:15:19 [AntiGravity.Monitor] INFO: 
ğŸ’° Precios de SOLANA:
   kucoin      : $       87.29
   coinbase    : $       87.88
   binance     : $       87.92
   bybit       : $       88.63
   kraken      : $       88.69
   â†’ Spread total: 1.604%
01:15:19 [AntiGravity.Sentiment] INFO: Sentimiento SIMULADO â†’ ğŸš€ğŸŸ¢ SOLANA | Score: +0.266 | Tweets: 87 | BULLISH
01:15:19 [AntiGravity.Monitor] INFO:   ğŸš€ğŸŸ¢ SOLANA | Score: +0.266 | Tweets: 87 | BULLISH
01:15:19 [AntiGravity.Arbitrage] INFO: ğŸ¯ OPORTUNIDAD DETECTADA: 
=======================================================
  ğŸ’ ARBITRAJE: SOLANA
  ğŸŸ¢ COMPRAR en kucoin    : $87.29
  ğŸ”´ VENDER en  kraken    : $88.69
  ğŸ“Š Spread bruto:  +1.604%
  ğŸ’µ Spread neto:   +1.204% (despuÃ©s de ~0.4% en fees)
  ğŸ’° Profit estimado: $12.04 (sobre $1000)
  âœ… VIABLE
=======================================================
01:15:19 [AntiGravity.Monitor] INFO: 
  
=======================================================
  ğŸ’ ARBITRAJE: SOLANA
  ğŸŸ¢ COMPRAR en kucoin    : $87.29
  ğŸ”´ VENDER en  kraken    : $88.69
  ğŸ“Š Spread bruto:  +1.604%
  ğŸ’µ Spread neto:   +1.204% (despuÃ©s de ~0.4% en fees)
  ğŸ’° Profit estimado: $12.04 (sobre $1000)
  âœ… VIABLE
=======================================================
01:15:19 [AntiGravity.Simulator] INFO: ğŸ’° TRADE SIMULADO | SOLANA
   Compra en kucoin @ $87.29
   Venta en  kraken @ $88.69
   Capital: $692.58 | Profit neto: $+8.32 (+1.201%)
   Sentimiento: BULLISH (+0.266) | Risk mult: x1.32
01:15:19 [AntiGravity.Notifier] INFO: ALERTA: Oportunidad de Arbitraje
01:15:20 [AntiGravity.Monitor] INFO: 
ğŸ” Analizando BINANCECOIN...
01:15:20 [AntiGravity.Monitor] INFO:   ğŸ’° Precio global: $631.10 (+8.14% 24h)
01:15:20 [AntiGravity.PriceFetcher] INFO: ğŸ“¡ Obteniendo tickers de binancecoin (1 llamada para 5 exchanges)...
01:15:21 [AntiGravity.PriceFetcher] INFO:   â†’ Precios reales obtenidos: 5/5 exchanges
01:15:21 [AntiGravity.Monitor] INFO: 
ğŸ’° Precios de BINANCECOIN:
   kraken      : $      630.84
   kucoin      : $      630.88
   binance     : $      631.42
   bybit       : $      631.43
   coinbase    : $      631.52
   â†’ Spread total: 0.108%
01:15:21 [AntiGravity.Sentiment] INFO: Sentimiento SIMULADO â†’ ğŸ˜ğŸŸ¡ BINANCECOIN | Score: -0.013 | Tweets: 128 | NEUTRAL
01:15:21 [AntiGravity.Monitor] INFO:   ğŸ˜ğŸŸ¡ BINANCECOIN | Score: -0.013 | Tweets: 128 | NEUTRAL
01:15:23 [AntiGravity.Monitor] INFO: 
ğŸ” Analizando RIPPLE...
01:15:23 [AntiGravity.Monitor] INFO:   ğŸ’° Precio global: $1.43 (+6.48% 24h)
01:15:23 [AntiGravity.PriceFetcher] INFO: ğŸ“¡ Obteniendo tickers de ripple (1 llamada para 5 exchanges)...
01:15:23 [AntiGravity.PriceFetcher] INFO:   â†’ Precios reales obtenidos: 5/5 exchanges
01:15:23 [AntiGravity.Monitor] INFO: 
ğŸ’° Precios de RIPPLE:
   binance     : $        1.44
   coinbase    : $        1.44
   kucoin      : $        1.44
   bybit       : $        1.44
   kraken      : $        1.44
   â†’ Spread total: 0.000%
01:15:23 [AntiGravity.Sentiment] INFO: Sentimiento SIMULADO â†’ ğŸš€ğŸŸ¢ RIPPLE | Score: +0.519 | Tweets: 75 | BULLISH
01:15:23 [AntiGravity.Monitor] INFO:   ğŸš€ğŸŸ¢ RIPPLE | Score: +0.519 | Tweets: 75 | BULLISH
01:15:25 [AntiGravity.Monitor] INFO: â±ï¸ Ciclo completado en 118.8s. PrÃ³ximo en 1s...
01:15:26 [AntiGravity.Monitor] INFO: 
â”€â”€â”€â”€â”€â”€â”€â”€â”€â”€â”€â”€â”€â”€â”€â”€â”€â”€â”€â”€â”€â”€â”€â”€â”€â”€â”€â”€â”€â”€â”€â”€â”€â”€â”€â”€â”€â”€â”€â”€â”€â”€â”€â”€â”€â”€â”€â”€â”€â”€â”€â”€â”€â”€â”€
01:15:26 [AntiGravity.Monitor] INFO: ğŸ”„ CICLO #6 | 2026-02-26 01:15:26
01:15:26 [AntiGravity.Monitor] INFO: â”€â”€â”€â”€â”€â”€â”€â”€â”€â”€â”€â”€â”€â”€â”€â”€â”€â”€â”€â”€â”€â”€â”€â”€â”€â”€â”€â”€â”€â”€â”€â”€â”€â”€â”€â”€â”€â”€â”€â”€â”€â”€â”€â”€â”€â”€â”€â”€â”€â”€â”€â”€â”€â”€â”€
01:15:27 [AntiGravity.Sentiment] INFO: ğŸ”® Fear & Greed Index: 11 (Extreme Fear)
01:15:27 [AntiGravity.Monitor] INFO: 
ğŸ” Analizando BITCOIN...
01:15:27 [AntiGravity.Monitor] INFO:   ğŸ’° Precio global: $68,137.00 (+6.50% 24h)
01:15:27 [AntiGravity.PriceFetcher] INFO: ğŸ“¡ Obteniendo tickers de bitcoin (1 llamada para 5 exchanges)...
01:15:30 [AntiGravity.PriceFetcher] INFO:   â†’ Precios reales obtenidos: 5/5 exchanges
01:15:30 [AntiGravity.Monitor] INFO: 
ğŸ’° Precios de BITCOIN:
   coinbase    : $   68,135.00
   kraken      : $   68,149.00
   kucoin      : $   68,155.00
   bybit       : $   68,168.00
   binance     : $   68,183.00
   â†’ Spread total: 0.070%
01:15:30 [AntiGravity.Sentiment] INFO: Sentimiento SIMULADO â†’ ğŸ˜ğŸŸ¡ BITCOIN | Score: -0.056 | Tweets: 44 | NEUTRAL
01:15:30 [AntiGravity.Monitor] INFO:   ğŸ˜ğŸŸ¡ BITCOIN | Score: -0.056 | Tweets: 44 | NEUTRAL
01:15:31 [AntiGravity.Monitor] INFO: 
ğŸ” Analizando ETHEREUM...
01:15:31 [AntiGravity.Monitor] INFO:   ğŸ’° Precio global: $2,063.76 (+11.65% 24h)
01:15:31 [AntiGravity.PriceFetcher] INFO: ğŸ“¡ Obteniendo tickers de ethereum (1 llamada para 5 exchanges)...
01:15:32 [AntiGravity.PriceFetcher] WARNING: â³ Rate limit (429) en intento 1/3. Esperando 15s antes de reintentar...
01:15:47 [AntiGravity.PriceFetcher] WARNING: â³ Rate limit (429) en intento 2/3. Esperando 30s antes de reintentar...
01:16:17 [AntiGravity.PriceFetcher] WARNING: â³ Rate limit (429) en intento 3/3. Esperando 60s antes de reintentar...
01:17:17 [AntiGravity.PriceFetcher] ERROR: âŒ Fallo definitivo tras 3 intentos: https://api.coingecko.com/api/v3/coins/ethereum/tickers
01:17:17 [AntiGravity.PriceFetcher] INFO:   â†’ Precios reales obtenidos: 0/5 exchanges
01:17:17 [AntiGravity.PriceFetcher] WARNING: âš ï¸ Solo 0 exchange(s) con datos reales para ethereum. Activando fallback a precios simulados...
01:17:17 [AntiGravity.PriceFetcher] INFO: ğŸ­ Precios SIMULADOS para ethereum: {'binance': 2083.61, 'coinbase': 2066.22, 'kraken': 2037.67, 'kucoin': 2085.96, 'bybit': 2038.56}
01:17:17 [AntiGravity.Monitor] INFO: 
ğŸ’° Precios de ETHEREUM:
   kraken      : $    2,037.67
   bybit       : $    2,038.56
   coinbase    : $    2,066.22
   binance     : $    2,083.61
   kucoin      : $    2,085.96
   â†’ Spread total: 2.370%
01:17:17 [AntiGravity.Sentiment] INFO: Sentimiento SIMULADO â†’ ğŸš€ğŸŸ¢ ETHEREUM | Score: +0.291 | Tweets: 74 | BULLISH
01:17:17 [AntiGravity.Monitor] INFO:   ğŸš€ğŸŸ¢ ETHEREUM | Score: +0.291 | Tweets: 74 | BULLISH
01:17:17 [AntiGravity.Arbitrage] INFO: ğŸ¯ OPORTUNIDAD DETECTADA: 
=======================================================
  ğŸ’ ARBITRAJE: ETHEREUM
  ğŸŸ¢ COMPRAR en kraken    : $2,037.67
  ğŸ”´ VENDER en  kucoin    : $2,085.96
  ğŸ“Š Spread bruto:  +2.370%
  ğŸ’µ Spread neto:   +1.970% (despuÃ©s de ~0.4% en fees)
  ğŸ’° Profit estimado: $19.70 (sobre $1000)
  âœ… VIABLE
=======================================================
01:17:17 [AntiGravity.Monitor] INFO: 
  
=======================================================
  ğŸ’ ARBITRAJE: ETHEREUM
  ğŸŸ¢ COMPRAR en kraken    : $2,037.67
  ğŸ”´ VENDER en  kucoin    : $2,085.96
  ğŸ“Š Spread bruto:  +2.370%
  ğŸ’µ Spread neto:   +1.970% (despuÃ©s de ~0.4% en fees)
  ğŸ’° Profit estimado: $19.70 (sobre $1000)
  âœ… VIABLE
=======================================================
01:17:17 [AntiGravity.Simulator] INFO: ğŸ’° TRADE SIMULADO | ETHEREUM
   Compra en kraken @ $2,037.67
   Venta en  kucoin @ $2,085.96
   Capital: $634.61 | Profit neto: $+12.47 (+1.965%)
   Sentimiento: BULLISH (+0.291) | Risk mult: x1.20
01:17:17 [AntiGravity.Notifier] INFO: ALERTA: Oportunidad de Arbitraje
01:17:18 [AntiGravity.Monitor] INFO: 
ğŸ” Analizando SOLANA...
01:17:18 [AntiGravity.Monitor] INFO:   ğŸ’° Precio global: $88.51 (+12.15% 24h)
01:17:18 [AntiGravity.PriceFetcher] INFO: ğŸ“¡ Obteniendo tickers de solana (1 llamada para 5 exchanges)...
01:17:19 [AntiGravity.PriceFetcher] INFO:   â†’ Precios reales obtenidos: 5/5 exchanges
01:17:19 [AntiGravity.Monitor] INFO: 
ğŸ’° Precios de SOLANA:
   kraken      : $       88.66
   binance     : $       88.71
   coinbase    : $       88.72
   kucoin      : $       88.77
   bybit       : $       88.78
   â†’ Spread total: 0.135%
01:17:19 [AntiGravity.Sentiment] INFO: Sentimiento SIMULADO â†’ ğŸ˜ğŸŸ¡ SOLANA | Score: -0.182 | Tweets: 78 | NEUTRAL
01:17:19 [AntiGravity.Monitor] INFO:   ğŸ˜ğŸŸ¡ SOLANA | Score: -0.182 | Tweets: 78 | NEUTRAL
01:17:21 [AntiGravity.Monitor] INFO: 
ğŸ” Analizando BINANCECOIN...
01:17:21 [AntiGravity.Monitor] INFO:   ğŸ’° Precio global: $630.93 (+8.16% 24h)
01:17:21 [AntiGravity.PriceFetcher] INFO: ğŸ“¡ Obteniendo tickers de binancecoin (1 llamada para 5 exchanges)...
01:17:21 [AntiGravity.PriceFetcher] INFO:   â†’ Precios reales obtenidos: 5/5 exchanges
01:17:21 [AntiGravity.Monitor] INFO: 
ğŸ’° Precios de BINANCECOIN:
   kucoin      : $      630.97
   kraken      : $      631.16
   coinbase    : $      631.17
   bybit       : $      631.52
   binance     : $      631.75
   â†’ Spread total: 0.124%
01:17:21 [AntiGravity.Sentiment] INFO: Sentimiento SIMULADO â†’ ğŸš€ğŸŸ¢ BINANCECOIN | Score: +0.412 | Tweets: 145 | BULLISH
01:17:21 [AntiGravity.Monitor] INFO:   ğŸš€ğŸŸ¢ BINANCECOIN | Score: +0.412 | Tweets: 145 | BULLISH
01:17:23 [AntiGravity.Monitor] INFO: 
ğŸ” Analizando RIPPLE...
01:17:23 [AntiGravity.Monitor] INFO:   ğŸ’° Precio global: $1.44 (+6.69% 24h)
01:17:23 [AntiGravity.PriceFetcher] INFO: ğŸ“¡ Obteniendo tickers de ripple (1 llamada para 5 exchanges)...
01:17:24 [AntiGravity.PriceFetcher] INFO:   â†’ Precios reales obtenidos: 5/5 exchanges
01:17:24 [AntiGravity.Monitor] INFO: 
ğŸ’° Precios de RIPPLE:
   binance     : $        1.44
   coinbase    : $        1.44
   kucoin      : $        1.44
   bybit       : $        1.44
   kraken      : $        1.44
   â†’ Spread total: 0.000%
01:17:24 [AntiGravity.Sentiment] INFO: Sentimiento SIMULADO â†’ ğŸ˜ğŸŸ¡ RIPPLE | Score: -0.044 | Tweets: 108 | NEUTRAL
01:17:24 [AntiGravity.Monitor] INFO:   ğŸ˜ğŸŸ¡ RIPPLE | Score: -0.044 | Tweets: 108 | NEUTRAL
01:17:25 [AntiGravity.Monitor] INFO: â±ï¸ Ciclo completado en 119.3s. PrÃ³ximo en 1s...
01:17:26 [AntiGravity.Monitor] INFO: 
â”€â”€â”€â”€â”€â”€â”€â”€â”€â”€â”€â”€â”€â”€â”€â”€â”€â”€â”€â”€â”€â”€â”€â”€â”€â”€â”€â”€â”€â”€â”€â”€â”€â”€â”€â”€â”€â”€â”€â”€â”€â”€â”€â”€â”€â”€â”€â”€â”€â”€â”€â”€â”€â”€â”€
01:17:26 [AntiGravity.Monitor] INFO: ğŸ”„ CICLO #7 | 2026-02-26 01:17:26
01:17:26 [AntiGravity.Monitor] INFO: â”€â”€â”€â”€â”€â”€â”€â”€â”€â”€â”€â”€â”€â”€â”€â”€â”€â”€â”€â”€â”€â”€â”€â”€â”€â”€â”€â”€â”€â”€â”€â”€â”€â”€â”€â”€â”€â”€â”€â”€â”€â”€â”€â”€â”€â”€â”€â”€â”€â”€â”€â”€â”€â”€â”€
01:17:27 [AntiGravity.Sentiment] INFO: ğŸ”® Fear & Greed Index: 11 (Extreme Fear)
01:17:27 [AntiGravity.Monitor] INFO: 
ğŸ” Analizando BITCOIN...
01:17:27 [AntiGravity.Monitor] INFO:   ğŸ’° Precio global: $68,147.00 (+6.46% 24h)
01:17:27 [AntiGravity.PriceFetcher] INFO: ğŸ“¡ Obteniendo tickers de bitcoin (1 llamada para 5 exchanges)...
01:17:29 [AntiGravity.PriceFetcher] WARNING: â³ Rate limit (429) en intento 1/3. Esperando 15s antes de reintentar...
01:17:44 [AntiGravity.PriceFetcher] WARNING: â³ Rate limit (429) en intento 2/3. Esperando 30s antes de reintentar...
01:18:14 [AntiGravity.PriceFetcher] WARNING: â³ Rate limit (429) en intento 3/3. Esperando 60s antes de reintentar...
01:19:14 [AntiGravity.PriceFetcher] ERROR: âŒ Fallo definitivo tras 3 intentos: https://api.coingecko.com/api/v3/coins/bitcoin/tickers
01:19:14 [AntiGravity.PriceFetcher] INFO:   â†’ Precios reales obtenidos: 0/5 exchanges
01:19:14 [AntiGravity.PriceFetcher] WARNING: âš ï¸ Solo 0 exchange(s) con datos reales para bitcoin. Activando fallback a precios simulados...
01:19:14 [AntiGravity.PriceFetcher] INFO: ğŸ­ Precios SIMULADOS para bitcoin: {'binance': 68610.7, 'coinbase': 67782.63, 'kraken': 68448.18, 'kucoin': 68560.01, 'bybit': 67617.43}
01:19:14 [AntiGravity.Monitor] INFO: 
ğŸ’° Precios de BITCOIN:
   bybit       : $   67,617.43
   coinbase    : $   67,782.63
   kraken      : $   68,448.18
   kucoin      : $   68,560.01
   binance     : $   68,610.70
   â†’ Spread total: 1.469%
01:19:14 [AntiGravity.Sentiment] INFO: Sentimiento SIMULADO â†’ ğŸ˜ğŸŸ¡ BITCOIN | Score: +0.084 | Tweets: 19 | NEUTRAL
01:19:14 [AntiGravity.Monitor] INFO:   ğŸ˜ğŸŸ¡ BITCOIN | Score: +0.084 | Tweets: 19 | NEUTRAL
01:19:14 [AntiGravity.Arbitrage] INFO: ğŸ¯ OPORTUNIDAD DETECTADA: 
=======================================================
  ğŸ’ ARBITRAJE: BITCOIN
  ğŸŸ¢ COMPRAR en bybit     : $67,617.43
  ğŸ”´ VENDER en  binance   : $68,610.70
  ğŸ“Š Spread bruto:  +1.469%
  ğŸ’µ Spread neto:   +1.069% (despuÃ©s de ~0.4% en fees)
  ğŸ’° Profit estimado: $10.69 (sobre $1000)
  âœ… VIABLE
=======================================================
01:19:14 [AntiGravity.Monitor] INFO: 
  
=======================================================
  ğŸ’ ARBITRAJE: BITCOIN
  ğŸŸ¢ COMPRAR en bybit     : $67,617.43
  ğŸ”´ VENDER en  binance   : $68,610.70
  ğŸ“Š Spread bruto:  +1.469%
  ğŸ’µ Spread neto:   +1.069% (despuÃ©s de ~0.4% en fees)
  ğŸ’° Profit estimado: $10.69 (sobre $1000)
  âœ… VIABLE
=======================================================
01:19:14 [AntiGravity.Simulator] INFO: ğŸ’° TRADE SIMULADO | BITCOIN
   Compra en bybit @ $67,617.43
   Venta en  binance @ $68,610.70
   Capital: $535.08 | Profit neto: $+5.70 (+1.066%)
   Sentimiento: NEUTRAL (+0.084) | Risk mult: x1.00
01:19:14 [AntiGravity.Notifier] INFO: ALERTA: Oportunidad de Arbitraje
01:19:16 [AntiGravity.Monitor] INFO: 
ğŸ” Analizando ETHEREUM...
01:19:16 [AntiGravity.Monitor] INFO:   ğŸ’° Precio global: $2,063.42 (+11.63% 24h)
01:19:16 [AntiGravity.PriceFetcher] INFO: ğŸ“¡ Obteniendo tickers de ethereum (1 llamada para 5 exchanges)...
01:19:17 [AntiGravity.PriceFetcher] INFO:   â†’ Precios reales obtenidos: 5/5 exchanges
01:19:17 [AntiGravity.Monitor] INFO: 
ğŸ’° Precios de ETHEREUM:
   kraken      : $    2,066.38
   coinbase    : $    2,069.28
   kucoin      : $    2,069.46
   binance     : $    2,069.52
   bybit       : $    2,070.36
   â†’ Spread total: 0.193%
01:19:17 [AntiGravity.Sentiment] INFO: Sentimiento SIMULADO â†’ ğŸš€ğŸŸ¢ ETHEREUM | Score: +0.375 | Tweets: 130 | BULLISH
01:19:17 [AntiGravity.Monitor] INFO:   ğŸš€ğŸŸ¢ ETHEREUM | Score: +0.375 | Tweets: 130 | BULLISH
01:19:18 [AntiGravity.Monitor] INFO: 
ğŸ” Analizando SOLANA...
01:19:18 [AntiGravity.Monitor] INFO:   ğŸ’° Precio global: $88.56 (+12.21% 24h)
01:19:18 [AntiGravity.PriceFetcher] INFO: ğŸ“¡ Obteniendo tickers de solana (1 llamada para 5 exchanges)...
01:19:19 [AntiGravity.PriceFetcher] INFO:   â†’ Precios reales obtenidos: 5/5 exchanges
01:19:19 [AntiGravity.Monitor] INFO: 
ğŸ’° Precios de SOLANA:
   kraken      : $       88.94
   coinbase    : $       88.99
   kucoin      : $       89.03
   bybit       : $       89.04
   binance     : $       89.06
   â†’ Spread total: 0.135%
01:19:19 [AntiGravity.Sentiment] INFO: Sentimiento SIMULADO â†’ ğŸ’€ğŸ”´ SOLANA | Score: -0.578 | Tweets: 58 | BEARISH
01:19:19 [AntiGravity.Monitor] INFO:   ğŸ’€ğŸ”´ SOLANA | Score: -0.578 | Tweets: 58 | BEARISH
01:19:21 [AntiGravity.Monitor] INFO: 
ğŸ” Analizando BINANCECOIN...
01:19:21 [AntiGravity.Monitor] INFO:   ğŸ’° Precio global: $631.12 (+8.20% 24h)
01:19:21 [AntiGravity.PriceFetcher] INFO: ğŸ“¡ Obteniendo tickers de binancecoin (1 llamada para 5 exchanges)...
01:19:22 [AntiGravity.PriceFetcher] INFO:   â†’ Precios reales obtenidos: 5/5 exchanges
01:19:22 [AntiGravity.Monitor] INFO: 
ğŸ’° Precios de BINANCECOIN:
   kucoin      : $      630.97
   kraken      : $      631.16
   coinbase    : $      631.17
   bybit       : $      631.52
   binance     : $      631.75
   â†’ Spread total: 0.124%
01:19:22 [AntiGravity.Sentiment] INFO: Sentimiento SIMULADO â†’ ğŸš€ğŸŸ¢ BINANCECOIN | Score: +0.641 | Tweets: 19 | BULLISH
01:19:22 [AntiGravity.Monitor] INFO:   ğŸš€ğŸŸ¢ BINANCECOIN | Score: +0.641 | Tweets: 19 | BULLISH
01:19:23 [AntiGravity.Monitor] INFO: 
ğŸ” Analizando RIPPLE...
01:19:23 [AntiGravity.Monitor] INFO:   ğŸ’° Precio global: $1.44 (+6.76% 24h)
01:19:23 [AntiGravity.PriceFetcher] INFO: ğŸ“¡ Obteniendo tickers de ripple (1 llamada para 5 exchanges)...
01:19:24 [AntiGravity.PriceFetcher] INFO:   â†’ Precios reales obtenidos: 5/5 exchanges
01:19:24 [AntiGravity.Monitor] INFO: 
ğŸ’° Precios de RIPPLE:
   binance     : $        1.44
   coinbase    : $        1.44
   kucoin      : $        1.44
   bybit       : $        1.44
   kraken      : $        1.44
   â†’ Spread total: 0.000%
01:19:24 [AntiGravity.Sentiment] INFO: Sentimiento SIMULADO â†’ ğŸš€ğŸŸ¢ RIPPLE | Score: +0.310 | Tweets: 48 | BULLISH
01:19:24 [AntiGravity.Monitor] INFO:   ğŸš€ğŸŸ¢ RIPPLE | Score: +0.310 | Tweets: 48 | BULLISH
01:19:25 [AntiGravity.Monitor] INFO: â±ï¸ Ciclo completado en 119.1s. PrÃ³ximo en 1s...
01:19:26 [AntiGravity.Monitor] INFO: 
â”€â”€â”€â”€â”€â”€â”€â”€â”€â”€â”€â”€â”€â”€â”€â”€â”€â”€â”€â”€â”€â”€â”€â”€â”€â”€â”€â”€â”€â”€â”€â”€â”€â”€â”€â”€â”€â”€â”€â”€â”€â”€â”€â”€â”€â”€â”€â”€â”€â”€â”€â”€â”€â”€â”€
01:19:26 [AntiGravity.Monitor] INFO: ğŸ”„ CICLO #8 | 2026-02-26 01:19:26
01:19:26 [AntiGravity.Monitor] INFO: â”€â”€â”€â”€â”€â”€â”€â”€â”€â”€â”€â”€â”€â”€â”€â”€â”€â”€â”€â”€â”€â”€â”€â”€â”€â”€â”€â”€â”€â”€â”€â”€â”€â”€â”€â”€â”€â”€â”€â”€â”€â”€â”€â”€â”€â”€â”€â”€â”€â”€â”€â”€â”€â”€â”€
01:19:27 [AntiGravity.Sentiment] INFO: ğŸ”® Fear & Greed Index: 11 (Extreme Fear)
01:19:27 [AntiGravity.PriceFetcher] WARNING: â³ Rate limit (429) en intento 1/3. Esperando 15s antes de reintentar...
01:19:42 [AntiGravity.PriceFetcher] WARNING: â³ Rate limit (429) en intento 2/3. Esperando 30s antes de reintentar...
01:20:12 [AntiGravity.PriceFetcher] WARNING: â³ Rate limit (429) en intento 3/3. Esperando 60s antes de reintentar...
01:21:12 [AntiGravity.PriceFetcher] ERROR: âŒ Fallo definitivo tras 3 intentos: https://api.coingecko.com/api/v3/simple/price
01:21:12 [AntiGravity.PriceFetcher] ERROR: Fallo definitivo al obtener precios simples.
01:21:12 [AntiGravity.Monitor] INFO: 
ğŸ” Analizando BITCOIN...
01:21:12 [AntiGravity.Monitor] WARNING:   Sin datos para bitcoin
01:21:12 [AntiGravity.Monitor] INFO: 
ğŸ” Analizando ETHEREUM...
01:21:12 [AntiGravity.Monitor] WARNING:   Sin datos para ethereum
01:21:12 [AntiGravity.Monitor] INFO: 
ğŸ” Analizando SOLANA...
01:21:12 [AntiGravity.Monitor] WARNING:   Sin datos para solana
01:21:12 [AntiGravity.Monitor] INFO: 
ğŸ” Analizando BINANCECOIN...
01:21:12 [AntiGravity.Monitor] WARNING:   Sin datos para binancecoin
01:21:12 [AntiGravity.Monitor] INFO: 
ğŸ” Analizando RIPPLE...
01:21:12 [AntiGravity.Monitor] WARNING:   Sin datos para ripple
01:21:12 [AntiGravity.Monitor] INFO: â±ï¸ Ciclo completado en 106.1s. PrÃ³ximo en 14s...
01:21:26 [AntiGravity.Monitor] INFO: 
â”€â”€â”€â”€â”€â”€â”€â”€â”€â”€â”€â”€â”€â”€â”€â”€â”€â”€â”€â”€â”€â”€â”€â”€â”€â”€â”€â”€â”€â”€â”€â”€â”€â”€â”€â”€â”€â”€â”€â”€â”€â”€â”€â”€â”€â”€â”€â”€â”€â”€â”€â”€â”€â”€â”€
01:21:26 [AntiGravity.Monitor] INFO: ğŸ”„ CICLO #9 | 2026-02-26 01:21:26
01:21:26 [AntiGravity.Monitor] INFO: â”€â”€â”€â”€â”€â”€â”€â”€â”€â”€â”€â”€â”€â”€â”€â”€â”€â”€â”€â”€â”€â”€â”€â”€â”€â”€â”€â”€â”€â”€â”€â”€â”€â”€â”€â”€â”€â”€â”€â”€â”€â”€â”€â”€â”€â”€â”€â”€â”€â”€â”€â”€â”€â”€â”€
01:21:27 [AntiGravity.Sentiment] INFO: ğŸ”® Fear & Greed Index: 11 (Extreme Fear)
01:21:27 [AntiGravity.Monitor] INFO: 
ğŸ” Analizando BITCOIN...
01:21:27 [AntiGravity.Monitor] INFO:   ğŸ’° Precio global: $68,225.00 (+6.58% 24h)
01:21:27 [AntiGravity.PriceFetcher] INFO: ğŸ“¡ Obteniendo tickers de bitcoin (1 llamada para 5 exchanges)...
01:21:29 [AntiGravity.PriceFetcher] INFO:   â†’ Precios reales obtenidos: 5/5 exchanges
01:21:29 [AntiGravity.Monitor] INFO: 
ğŸ’° Precios de BITCOIN:
   kucoin      : $   68,255.00
   kraken      : $   68,275.00
   coinbase    : $   68,302.00
   bybit       : $   68,313.00
   binance     : $   68,315.00
   â†’ Spread total: 0.088%
01:21:29 [AntiGravity.Sentiment] INFO: Sentimiento SIMULADO â†’ ğŸš€ğŸŸ¢ BITCOIN | Score: +0.273 | Tweets: 58 | BULLISH
01:21:29 [AntiGravity.Monitor] INFO:   ğŸš€ğŸŸ¢ BITCOIN | Score: +0.273 | Tweets: 58 | BULLISH
01:21:31 [AntiGravity.Monitor] INFO: 
ğŸ” Analizando ETHEREUM...
01:21:31 [AntiGravity.Monitor] INFO:   ğŸ’° Precio global: $2,067.05 (+11.66% 24h)
01:21:31 [AntiGravity.PriceFetcher] INFO: ğŸ“¡ Obteniendo tickers de ethereum (1 llamada para 5 exchanges)...
01:21:32 [AntiGravity.PriceFetcher] INFO:   â†’ Precios reales obtenidos: 5/5 exchanges
01:21:32 [AntiGravity.Monitor] INFO: 
ğŸ’° Precios de ETHEREUM:
   binance     : $    2,065.61
   coinbase    : $    2,067.12
   kraken      : $    2,067.14
   kucoin      : $    2,068.11
   bybit       : $    2,068.19
   â†’ Spread total: 0.125%
01:21:32 [AntiGravity.Sentiment] INFO: Sentimiento SIMULADO â†’ ğŸ’€ğŸ”´ ETHEREUM | Score: -0.797 | Tweets: 28 | BEARISH
01:21:32 [AntiGravity.Monitor] INFO:   ğŸ’€ğŸ”´ ETHEREUM | Score: -0.797 | Tweets: 28 | BEARISH
01:21:34 [AntiGravity.Monitor] INFO: 
ğŸ” Analizando SOLANA...
01:21:34 [AntiGravity.Monitor] INFO:   ğŸ’° Precio global: $88.83 (+12.53% 24h)
01:21:34 [AntiGravity.PriceFetcher] INFO: ğŸ“¡ Obteniendo tickers de solana (1 llamada para 5 exchanges)...
01:21:35 [AntiGravity.PriceFetcher] INFO:   â†’ Precios reales obtenidos: 5/5 exchanges
01:21:35 [AntiGravity.Monitor] INFO: 
ğŸ’° Precios de SOLANA:
   kucoin      : $       88.89
   kraken      : $       88.90
   coinbase    : $       88.99
   binance     : $       89.06
   bybit       : $       89.06
   â†’ Spread total: 0.191%
01:21:35 [AntiGravity.Sentiment] INFO: Sentimiento SIMULADO â†’ ğŸ˜ğŸŸ¡ SOLANA | Score: +0.077 | Tweets: 112 | NEUTRAL
01:21:35 [AntiGravity.Monitor] INFO:   ğŸ˜ğŸŸ¡ SOLANA | Score: +0.077 | Tweets: 112 | NEUTRAL
01:21:36 [AntiGravity.Monitor] INFO: 
ğŸ” Analizando BINANCECOIN...
01:21:36 [AntiGravity.Monitor] INFO:   ğŸ’° Precio global: $632.21 (+8.34% 24h)
01:21:36 [AntiGravity.PriceFetcher] INFO: ğŸ“¡ Obteniendo tickers de binancecoin (1 llamada para 5 exchanges)...
01:21:37 [AntiGravity.PriceFetcher] INFO:   â†’ Precios reales obtenidos: 5/5 exchanges
01:21:37 [AntiGravity.Monitor] INFO: 
ğŸ’° Precios de BINANCECOIN:
   kucoin      : $      632.33
   binance     : $      632.40
   coinbase    : $      633.20
   kraken      : $      633.27
   bybit       : $      633.44
   â†’ Spread total: 0.176%
01:21:37 [AntiGravity.Sentiment] INFO: Sentimiento SIMULADO â†’ ğŸ˜ğŸŸ¡ BINANCECOIN | Score: +0.131 | Tweets: 49 | NEUTRAL
01:21:37 [AntiGravity.Monitor] INFO:   ğŸ˜ğŸŸ¡ BINANCECOIN | Score: +0.131 | Tweets: 49 | NEUTRAL
01:21:38 [AntiGravity.Monitor] INFO: 
ğŸ” Analizando RIPPLE...
01:21:38 [AntiGravity.Monitor] INFO:   ğŸ’° Precio global: $1.44 (+7.21% 24h)
01:21:38 [AntiGravity.PriceFetcher] INFO: ğŸ“¡ Obteniendo tickers de ripple (1 llamada para 5 exchanges)...
01:21:39 [AntiGravity.PriceFetcher] WARNING: â³ Rate limit (429) en intento 1/3. Esperando 15s antes de reintentar...
01:21:54 [AntiGravity.PriceFetcher] WARNING: â³ Rate limit (429) en intento 2/3. Esperando 30s antes de reintentar...
01:22:24 [AntiGravity.PriceFetcher] WARNING: â³ Rate limit (429) en intento 3/3. Esperando 60s antes de reintentar...
01:23:24 [AntiGravity.PriceFetcher] ERROR: âŒ Fallo definitivo tras 3 intentos: https://api.coingecko.com/api/v3/coins/ripple/tickers
01:23:24 [AntiGravity.PriceFetcher] INFO:   â†’ Precios reales obtenidos: 0/5 exchanges
01:23:24 [AntiGravity.PriceFetcher] WARNING: âš ï¸ Solo 0 exchange(s) con datos reales para ripple. Activando fallback a precios simulados...
01:23:24 [AntiGravity.PriceFetcher] INFO: ğŸ­ Precios SIMULADOS para ripple: {'binance': 1.45, 'coinbase': 1.45, 'kraken': 1.46, 'kucoin': 1.42, 'bybit': 1.42}
01:23:24 [AntiGravity.Monitor] INFO: 
ğŸ’° Precios de RIPPLE:
   kucoin      : $        1.42
   bybit       : $        1.42
   binance     : $        1.45
   coinbase    : $        1.45
   kraken      : $        1.46
   â†’ Spread total: 2.817%
01:23:24 [AntiGravity.Sentiment] INFO: Sentimiento SIMULADO â†’ ğŸ˜ğŸŸ¡ RIPPLE | Score: -0.128 | Tweets: 84 | NEUTRAL
01:23:24 [AntiGravity.Monitor] INFO:   ğŸ˜ğŸŸ¡ RIPPLE | Score: -0.128 | Tweets: 84 | NEUTRAL
01:23:24 [AntiGravity.Arbitrage] INFO: ğŸ¯ OPORTUNIDAD DETECTADA: 
=======================================================
  ğŸ’ ARBITRAJE: RIPPLE
  ğŸŸ¢ COMPRAR en kucoin    : $1.42
  ğŸ”´ VENDER en  kraken    : $1.46
  ğŸ“Š Spread bruto:  +2.817%
  ğŸ’µ Spread neto:   +2.417% (despuÃ©s de ~0.4% en fees)
  ğŸ’° Profit estimado: $24.17 (sobre $1000)
  âœ… VIABLE
=======================================================
01:23:24 [AntiGravity.Monitor] INFO: 
  
=======================================================
  ğŸ’ ARBITRAJE: RIPPLE
  ğŸŸ¢ COMPRAR en kucoin    : $1.42
  ğŸ”´ VENDER en  kraken    : $1.46
  ğŸ“Š Spread bruto:  +2.817%
  ğŸ’µ Spread neto:   +2.417% (despuÃ©s de ~0.4% en fees)
  ğŸ’° Profit estimado: $24.17 (sobre $1000)
  âœ… VIABLE
=======================================================
01:23:24 [AntiGravity.Simulator] INFO: ğŸ’° TRADE SIMULADO | RIPPLE
   Compra en kucoin @ $1.42
   Venta en  kraken @ $1.46
   Capital: $591.72 | Profit neto: $+14.27 (+2.411%)
   Sentimiento: NEUTRAL (-0.128) | Risk mult: x1.10
01:23:24 [AntiGravity.Notifier] INFO: ALERTA: Oportunidad de Arbitraje
01:23:25 [AntiGravity.Monitor] INFO: â±ï¸ Ciclo completado en 119.4s. PrÃ³ximo en 1s...
01:23:26 [AntiGravity.Monitor] INFO: 
â”€â”€â”€â”€â”€â”€â”€â”€â”€â”€â”€â”€â”€â”€â”€â”€â”€â”€â”€â”€â”€â”€â”€â”€â”€â”€â”€â”€â”€â”€â”€â”€â”€â”€â”€â”€â”€â”€â”€â”€â”€â”€â”€â”€â”€â”€â”€â”€â”€â”€â”€â”€â”€â”€â”€
01:23:26 [AntiGravity.Monitor] INFO: ğŸ”„ CICLO #10 | 2026-02-26 01:23:26
01:23:26 [AntiGravity.Monitor] INFO: â”€â”€â”€â”€â”€â”€â”€â”€â”€â”€â”€â”€â”€â”€â”€â”€â”€â”€â”€â”€â”€â”€â”€â”€â”€â”€â”€â”€â”€â”€â”€â”€â”€â”€â”€â”€â”€â”€â”€â”€â”€â”€â”€â”€â”€â”€â”€â”€â”€â”€â”€â”€â”€â”€â”€
01:23:27 [AntiGravity.Sentiment] INFO: ğŸ”® Fear & Greed Index: 11 (Extreme Fear)
01:23:27 [AntiGravity.Monitor] INFO: 
ğŸ” Analizando BITCOIN...
01:23:27 [AntiGravity.Monitor] INFO:   ğŸ’° Precio global: $68,286.00 (+6.67% 24h)
01:23:27 [AntiGravity.PriceFetcher] INFO: ğŸ“¡ Obteniendo tickers de bitcoin (1 llamada para 5 exchanges)...
01:23:29 [AntiGravity.PriceFetcher] INFO:   â†’ Precios reales obtenidos: 5/5 exchanges
01:23:29 [AntiGravity.Monitor] INFO: 
ğŸ’° Precios de BITCOIN:
   bybit       : $   68,235.00
   kucoin      : $   68,249.00
   coinbase    : $   68,251.00
   kraken      : $   68,254.00
   binance     : $   68,272.00
   â†’ Spread total: 0.054%
01:23:29 [AntiGravity.Sentiment] INFO: Sentimiento SIMULADO â†’ ğŸ˜ğŸŸ¡ BITCOIN | Score: -0.139 | Tweets: 22 | NEUTRAL
01:23:29 [AntiGravity.Monitor] INFO:   ğŸ˜ğŸŸ¡ BITCOIN | Score: -0.139 | Tweets: 22 | NEUTRAL
01:23:31 [AntiGravity.Monitor] INFO: 
ğŸ” Analizando ETHEREUM...
01:23:31 [AntiGravity.Monitor] INFO:   ğŸ’° Precio global: $2,069.29 (+11.78% 24h)
01:23:31 [AntiGravity.PriceFetcher] INFO: ğŸ“¡ Obteniendo tickers de ethereum (1 llamada para 5 exchanges)...
01:23:32 [AntiGravity.PriceFetcher] INFO:   â†’ Precios reales obtenidos: 5/5 exchanges
01:23:32 [AntiGravity.Monitor] INFO: 
ğŸ’° Precios de ETHEREUM:
   binance     : $    2,065.61
   coinbase    : $    2,067.12
   kraken      : $    2,067.14
   kucoin      : $    2,068.11
   bybit       : $    2,068.19
   â†’ Spread total: 0.125%
01:23:32 [AntiGravity.Sentiment] INFO: Sentimiento SIMULADO â†’ ğŸ˜ğŸŸ¡ ETHEREUM | Score: -0.017 | Tweets: 139 | NEUTRAL
01:23:32 [AntiGravity.Monitor] INFO:   ğŸ˜ğŸŸ¡ ETHEREUM | Score: -0.017 | Tweets: 139 | NEUTRAL
01:23:33 [AntiGravity.Monitor] INFO: 
ğŸ” Analizando SOLANA...
01:23:33 [AntiGravity.Monitor] INFO:   ğŸ’° Precio global: $88.87 (+12.58% 24h)
01:23:33 [AntiGravity.PriceFetcher] INFO: ğŸ“¡ Obteniendo tickers de solana (1 llamada para 5 exchanges)...
01:23:34 [AntiGravity.PriceFetcher] INFO:   â†’ Precios reales obtenidos: 5/5 exchanges
01:23:34 [AntiGravity.Monitor] INFO: 
ğŸ’° Precios de SOLANA:
   kucoin      : $       88.89
   kraken      : $       88.90
   coinbase    : $       88.99
   binance     : $       89.06
   bybit       : $       89.06
   â†’ Spread total: 0.191%
01:23:34 [AntiGravity.Sentiment] INFO: Sentimiento SIMULADO â†’ ğŸš€ğŸŸ¢ SOLANA | Score: +0.465 | Tweets: 121 | BULLISH
01:23:34 [AntiGravity.Monitor] INFO:   ğŸš€ğŸŸ¢ SOLANA | Score: +0.465 | Tweets: 121 | BULLISH
01:23:35 [AntiGravity.Monitor] INFO: 
ğŸ” Analizando BINANCECOIN...
01:23:35 [AntiGravity.Monitor] INFO:   ğŸ’° Precio global: $632.86 (+8.45% 24h)
01:23:35 [AntiGravity.PriceFetcher] INFO: ğŸ“¡ Obteniendo tickers de binancecoin (1 llamada para 5 exchanges)...
01:23:36 [AntiGravity.PriceFetcher] WARNING: â³ Rate limit (429) en intento 1/3. Esperando 15s antes de reintentar...
01:23:51 [AntiGravity.PriceFetcher] WARNING: â³ Rate limit (429) en intento 2/3. Esperando 30s antes de reintentar...
01:23:53 [AntiGravity.Monitor] INFO: 
âš ï¸ SeÃ±al de interrupciÃ³n recibida. Cerrando bot...
01:24:07 [AntiGravity.Monitor] INFO: Inicializando mÃ³dulos...
01:24:07 [AntiGravity.Sentiment] WARNING: âš ï¸ No hay Bearer Token de Twitter. Modo simulado.
01:24:07 [AntiGravity.Simulator] INFO: ğŸ“‚ Cargados 9 trades previos. Capital actual: $1,090.13
01:24:07 [AntiGravity.Notifier] INFO: ğŸ“¡ Canales activos: ['console only']
01:24:07 [AntiGravity.Notifier] INFO: â„¹ï¸ Sin canales de notificaciÃ³n configurados. Solo logging a consola.
01:24:07 [AntiGravity.MLPredictor] INFO: Datos insuficientes: 43/60 muestras. Sigue corriendo el bot para acumular mÃ¡s datos.
01:24:07 [AntiGravity.Monitor] INFO: âœ… Bot inicializado. Listo para cazar arbitraje.
01:24:07 [werkzeug] INFO: [31m[1mWARNING: This is a development server. Do not use it in a production deployment. Use a production WSGI server instead.[0m
 * Running on http://127.0.0.1:5000
01:24:07 [werkzeug] INFO: [33mPress CTRL+C to quit[0m
01:24:14 [werkzeug] INFO: 127.0.0.1 - - [26/Feb/2026 01:24:14] "GET / HTTP/1.1" 200 -
01:24:15 [werkzeug] INFO: 127.0.0.1 - - [26/Feb/2026 01:24:15] "GET /static/main.js HTTP/1.1" 200 -
01:24:15 [werkzeug] INFO: 127.0.0.1 - - [26/Feb/2026 01:24:15] "GET /static/style.css HTTP/1.1" 200 -
01:24:15 [werkzeug] INFO: 127.0.0.1 - - [26/Feb/2026 01:24:15] "GET /api/bot/status HTTP/1.1" 200 -
01:24:15 [werkzeug] INFO: 127.0.0.1 - - [26/Feb/2026 01:24:15] "[33mGET /favicon.ico HTTP/1.1[0m" 404 -
01:24:21 [AntiGravity.PriceFetcher] WARNING: â³ Rate limit (429) en intento 3/3. Esperando 60s antes de reintentar...
01:25:02 [werkzeug] INFO: 127.0.0.1 - - [26/Feb/2026 01:25:02] "POST /api/bot/start HTTP/1.1" 200 -
01:25:02 [AntiGravity.Monitor] INFO: 
â”€â”€â”€â”€â”€â”€â”€â”€â”€â”€â”€â”€â”€â”€â”€â”€â”€â”€â”€â”€â”€â”€â”€â”€â”€â”€â”€â”€â”€â”€â”€â”€â”€â”€â”€â”€â”€â”€â”€â”€â”€â”€â”€â”€â”€â”€â”€â”€â”€â”€â”€â”€â”€â”€â”€
01:25:02 [AntiGravity.Monitor] INFO: ğŸ”„ CICLO #1 | 2026-02-26 01:25:02
01:25:02 [AntiGravity.Monitor] INFO: â”€â”€â”€â”€â”€â”€â”€â”€â”€â”€â”€â”€â”€â”€â”€â”€â”€â”€â”€â”€â”€â”€â”€â”€â”€â”€â”€â”€â”€â”€â”€â”€â”€â”€â”€â”€â”€â”€â”€â”€â”€â”€â”€â”€â”€â”€â”€â”€â”€â”€â”€â”€â”€â”€â”€
01:25:02 [werkzeug] INFO: 127.0.0.1 - - [26/Feb/2026 01:25:02] "GET /api/bot/status HTTP/1.1" 200 -
01:25:03 [AntiGravity.Sentiment] INFO: ğŸ”® Fear & Greed Index: 11 (Extreme Fear)
01:25:03 [AntiGravity.Monitor] INFO: ğŸ“Š Market Overview (Top 5 coins por market cap):
01:25:04 [AntiGravity.Monitor] INFO:    ğŸŸ¢ BTC    | $   68,349.00 | +6.77% 24h
01:25:04 [AntiGravity.Monitor] INFO:    ğŸŸ¢ ETH    | $    2,073.05 | +11.99% 24h
01:25:04 [AntiGravity.Monitor] INFO:    ğŸŸ¢ USDT   | $        1.00 | +0.01% 24h
01:25:04 [AntiGravity.Monitor] INFO:    ğŸŸ¢ XRP    | $        1.44 | +7.28% 24h
01:25:04 [AntiGravity.Monitor] INFO:    ğŸŸ¢ BNB    | $      633.38 | +8.54% 24h
01:25:04 [werkzeug] INFO: 127.0.0.1 - - [26/Feb/2026 01:25:04] "GET /api/bot/status HTTP/1.1" 200 -
01:25:05 [werkzeug] INFO: 127.0.0.1 - - [26/Feb/2026 01:25:05] "GET /api/bot/status HTTP/1.1" 200 -
01:25:06 [AntiGravity.Monitor] INFO: 
ğŸ” Analizando BITCOIN...
01:25:06 [AntiGravity.Monitor] INFO:   ğŸ’° Precio global: $68,349.00 (+6.77% 24h)
01:25:06 [AntiGravity.PriceFetcher] INFO: ğŸ“¡ Obteniendo tickers de bitcoin (1 llamada para 5 exchanges)...
01:25:07 [werkzeug] INFO: 127.0.0.1 - - [26/Feb/2026 01:25:07] "GET /api/bot/status HTTP/1.1" 200 -
01:25:08 [AntiGravity.PriceFetcher] INFO:   â†’ Precios reales obtenidos: 5/5 exchanges
01:25:08 [AntiGravity.Monitor] INFO: 
ğŸ’° Precios de BITCOIN:
   kucoin      : $   68,317.00
   bybit       : $   68,353.00
   binance     : $   68,354.00
   coinbase    : $   68,381.00
   kraken      : $   68,403.00
   â†’ Spread total: 0.126%
01:25:08 [AntiGravity.Sentiment] INFO: Sentimiento SIMULADO â†’ ğŸš€ğŸŸ¢ BITCOIN | Score: +0.410 | Tweets: 86 | BULLISH
01:25:08 [AntiGravity.Monitor] INFO:   ğŸš€ğŸŸ¢ BITCOIN | Score: +0.410 | Tweets: 86 | BULLISH
01:25:08 [werkzeug] INFO: 127.0.0.1 - - [26/Feb/2026 01:25:08] "GET /api/bot/status HTTP/1.1" 200 -
01:25:10 [AntiGravity.Monitor] INFO: 
ğŸ” Analizando ETHEREUM...
01:25:10 [AntiGravity.Monitor] INFO:   ğŸ’° Precio global: $2,073.05 (+11.99% 24h)
01:25:10 [AntiGravity.PriceFetcher] INFO: ğŸ“¡ Obteniendo tickers de ethereum (1 llamada para 5 exchanges)...
01:25:10 [werkzeug] INFO: 127.0.0.1 - - [26/Feb/2026 01:25:10] "GET /api/bot/status HTTP/1.1" 200 -
01:25:10 [AntiGravity.PriceFetcher] INFO:   â†’ Precios reales obtenidos: 5/5 exchanges
01:25:10 [AntiGravity.Monitor] INFO: 
ğŸ’° Precios de ETHEREUM:
   coinbase    : $    2,072.13
   binance     : $    2,072.24
   bybit       : $    2,072.52
   kraken      : $    2,072.53
   kucoin      : $    2,073.32
   â†’ Spread total: 0.057%
01:25:10 [AntiGravity.Sentiment] INFO: Sentimiento SIMULADO â†’ ğŸ˜ğŸŸ¡ ETHEREUM | Score: +0.182 | Tweets: 30 | NEUTRAL
01:25:10 [AntiGravity.Monitor] INFO:   ğŸ˜ğŸŸ¡ ETHEREUM | Score: +0.182 | Tweets: 30 | NEUTRAL
01:25:11 [werkzeug] INFO: 127.0.0.1 - - [26/Feb/2026 01:25:11] "GET /api/bot/status HTTP/1.1" 200 -
01:25:12 [AntiGravity.Monitor] INFO: 
ğŸ” Analizando SOLANA...
01:25:12 [AntiGravity.Monitor] INFO:   ğŸ’° Precio global: $88.95 (+12.68% 24h)
01:25:12 [AntiGravity.PriceFetcher] INFO: ğŸ“¡ Obteniendo tickers de solana (1 llamada para 5 exchanges)...
01:25:13 [AntiGravity.PriceFetcher] INFO:   â†’ Precios reales obtenidos: 5/5 exchanges
01:25:13 [AntiGravity.Monitor] INFO: 
ğŸ’° Precios de SOLANA:
   binance     : $       89.10
   bybit       : $       89.12
   kucoin      : $       89.12
   kraken      : $       89.16
   coinbase    : $       89.26
   â†’ Spread total: 0.180%
01:25:13 [AntiGravity.Sentiment] INFO: Sentimiento SIMULADO â†’ ğŸ’€ğŸ”´ SOLANA | Score: -0.560 | Tweets: 143 | BEARISH
01:25:13 [AntiGravity.Monitor] INFO:   ğŸ’€ğŸ”´ SOLANA | Score: -0.560 | Tweets: 143 | BEARISH
01:25:13 [werkzeug] INFO: 127.0.0.1 - - [26/Feb/2026 01:25:13] "GET /api/bot/status HTTP/1.1" 200 -
01:25:14 [AntiGravity.Monitor] INFO: 
ğŸ” Analizando BINANCECOIN...
01:25:14 [AntiGravity.Monitor] INFO:   ğŸ’° Precio global: $633.38 (+8.54% 24h)
01:25:14 [AntiGravity.PriceFetcher] INFO: ğŸ“¡ Obteniendo tickers de binancecoin (1 llamada para 5 exchanges)...
01:25:14 [werkzeug] INFO: 127.0.0.1 - - [26/Feb/2026 01:25:14] "GET /api/bot/status HTTP/1.1" 200 -
01:25:15 [AntiGravity.PriceFetcher] WARNING: â³ Rate limit (429) en intento 1/3. Esperando 15s antes de reintentar...
01:25:16 [werkzeug] INFO: 127.0.0.1 - - [26/Feb/2026 01:25:16] "GET /api/bot/status HTTP/1.1" 200 -
01:25:17 [werkzeug] INFO: 127.0.0.1 - - [26/Feb/2026 01:25:17] "GET /api/bot/status HTTP/1.1" 200 -
01:25:19 [werkzeug] INFO: 127.0.0.1 - - [26/Feb/2026 01:25:19] "GET /api/bot/status HTTP/1.1" 200 -
01:25:20 [werkzeug] INFO: 127.0.0.1 - - [26/Feb/2026 01:25:20] "GET /api/bot/status HTTP/1.1" 200 -
01:25:21 [AntiGravity.PriceFetcher] ERROR: âŒ Fallo definitivo tras 3 intentos: https://api.coingecko.com/api/v3/coins/binancecoin/tickers
01:25:21 [AntiGravity.PriceFetcher] INFO:   â†’ Precios reales obtenidos: 0/5 exchanges
01:25:21 [AntiGravity.PriceFetcher] WARNING: âš ï¸ Solo 0 exchange(s) con datos reales para binancecoin. Activando fallback a precios simulados...
01:25:21 [AntiGravity.PriceFetcher] WARNING: â³ Rate limit (429) en intento 1/3. Esperando 15s antes de reintentar...
01:25:22 [werkzeug] INFO: 127.0.0.1 - - [26/Feb/2026 01:25:22] "GET /api/bot/status HTTP/1.1" 200 -
01:25:23 [werkzeug] INFO: 127.0.0.1 - - [26/Feb/2026 01:25:23] "GET /api/bot/status HTTP/1.1" 200 -
01:25:25 [werkzeug] INFO: 127.0.0.1 - - [26/Feb/2026 01:25:25] "GET /api/bot/status HTTP/1.1" 200 -
01:25:26 [werkzeug] INFO: 127.0.0.1 - - [26/Feb/2026 01:25:26] "GET /api/bot/status HTTP/1.1" 200 -
01:25:28 [werkzeug] INFO: 127.0.0.1 - - [26/Feb/2026 01:25:28] "GET /api/bot/status HTTP/1.1" 200 -
01:25:29 [werkzeug] INFO: 127.0.0.1 - - [26/Feb/2026 01:25:29] "GET /api/bot/status HTTP/1.1" 200 -
01:25:30 [AntiGravity.PriceFetcher] WARNING: â³ Rate limit (429) en intento 2/3. Esperando 30s antes de reintentar...
01:25:31 [werkzeug] INFO: 127.0.0.1 - - [26/Feb/2026 01:25:31] "GET /api/bot/status HTTP/1.1" 200 -
01:25:32 [werkzeug] INFO: 127.0.0.1 - - [26/Feb/2026 01:25:32] "GET /api/bot/status HTTP/1.1" 200 -
01:25:34 [werkzeug] INFO: 127.0.0.1 - - [26/Feb/2026 01:25:34] "GET /api/bot/status HTTP/1.1" 200 -
01:25:35 [werkzeug] INFO: 127.0.0.1 - - [26/Feb/2026 01:25:35] "GET /api/bot/status HTTP/1.1" 200 -
01:25:36 [AntiGravity.PriceFetcher] WARNING: â³ Rate limit (429) en intento 2/3. Esperando 30s antes de reintentar...
01:25:37 [werkzeug] INFO: 127.0.0.1 - - [26/Feb/2026 01:25:37] "GET /api/bot/status HTTP/1.1" 200 -
01:25:38 [werkzeug] INFO: 127.0.0.1 - - [26/Feb/2026 01:25:38] "GET /api/bot/status HTTP/1.1" 200 -
01:25:40 [werkzeug] INFO: 127.0.0.1 - - [26/Feb/2026 01:25:40] "GET /api/bot/status HTTP/1.1" 200 -
01:25:41 [werkzeug] INFO: 127.0.0.1 - - [26/Feb/2026 01:25:41] "GET /api/bot/status HTTP/1.1" 200 -
01:25:43 [werkzeug] INFO: 127.0.0.1 - - [26/Feb/2026 01:25:43] "GET /api/bot/status HTTP/1.1" 200 -
01:25:44 [werkzeug] INFO: 127.0.0.1 - - [26/Feb/2026 01:25:44] "GET /api/bot/status HTTP/1.1" 200 -
01:25:46 [werkzeug] INFO: 127.0.0.1 - - [26/Feb/2026 01:25:46] "GET /api/bot/status HTTP/1.1" 200 -
01:25:47 [werkzeug] INFO: 127.0.0.1 - - [26/Feb/2026 01:25:47] "GET /api/bot/status HTTP/1.1" 200 -
01:25:49 [werkzeug] INFO: 127.0.0.1 - - [26/Feb/2026 01:25:49] "GET /api/bot/status HTTP/1.1" 200 -
01:25:50 [werkzeug] INFO: 127.0.0.1 - - [26/Feb/2026 01:25:50] "GET /api/bot/status HTTP/1.1" 200 -
01:25:52 [werkzeug] INFO: 127.0.0.1 - - [26/Feb/2026 01:25:52] "GET /api/bot/status HTTP/1.1" 200 -
01:25:53 [werkzeug] INFO: 127.0.0.1 - - [26/Feb/2026 01:25:53] "GET /api/bot/status HTTP/1.1" 200 -
01:25:55 [werkzeug] INFO: 127.0.0.1 - - [26/Feb/2026 01:25:55] "GET /api/bot/status HTTP/1.1" 200 -
01:25:56 [werkzeug] INFO: 127.0.0.1 - - [26/Feb/2026 01:25:56] "GET /api/bot/status HTTP/1.1" 200 -
01:25:58 [werkzeug] INFO: 127.0.0.1 - - [26/Feb/2026 01:25:58] "GET /api/bot/status HTTP/1.1" 200 -
01:25:59 [werkzeug] INFO: 127.0.0.1 - - [26/Feb/2026 01:25:59] "GET /api/bot/status HTTP/1.1" 200 -
01:26:00 [AntiGravity.PriceFetcher] WARNING: â³ Rate limit (429) en intento 3/3. Esperando 60s antes de reintentar...
01:26:01 [werkzeug] INFO: 127.0.0.1 - - [26/Feb/2026 01:26:01] "GET /api/bot/status HTTP/1.1" 200 -
01:26:02 [werkzeug] INFO: 127.0.0.1 - - [26/Feb/2026 01:26:02] "GET /api/bot/status HTTP/1.1" 200 -
01:26:04 [werkzeug] INFO: 127.0.0.1 - - [26/Feb/2026 01:26:04] "GET /api/bot/status HTTP/1.1" 200 -
01:26:05 [werkzeug] INFO: 127.0.0.1 - - [26/Feb/2026 01:26:05] "GET /api/bot/status HTTP/1.1" 200 -
01:26:06 [AntiGravity.PriceFetcher] WARNING: â³ Rate limit (429) en intento 3/3. Esperando 60s antes de reintentar...
01:26:07 [werkzeug] INFO: 127.0.0.1 - - [26/Feb/2026 01:26:07] "GET /api/bot/status HTTP/1.1" 200 -
01:26:08 [werkzeug] INFO: 127.0.0.1 - - [26/Feb/2026 01:26:08] "GET /api/bot/status HTTP/1.1" 200 -
01:26:10 [werkzeug] INFO: 127.0.0.1 - - [26/Feb/2026 01:26:10] "GET /api/bot/status HTTP/1.1" 200 -
01:26:11 [werkzeug] INFO: 127.0.0.1 - - [26/Feb/2026 01:26:11] "GET /api/bot/status HTTP/1.1" 200 -
01:26:13 [werkzeug] INFO: 127.0.0.1 - - [26/Feb/2026 01:26:13] "GET /api/bot/status HTTP/1.1" 200 -
01:26:14 [werkzeug] INFO: 127.0.0.1 - - [26/Feb/2026 01:26:14] "GET /api/bot/status HTTP/1.1" 200 -
01:26:16 [werkzeug] INFO: 127.0.0.1 - - [26/Feb/2026 01:26:16] "GET /api/bot/status HTTP/1.1" 200 -
01:26:17 [werkzeug] INFO: 127.0.0.1 - - [26/Feb/2026 01:26:17] "GET /api/bot/status HTTP/1.1" 200 -
01:26:19 [werkzeug] INFO: 127.0.0.1 - - [26/Feb/2026 01:26:19] "GET /api/bot/status HTTP/1.1" 200 -
01:26:20 [werkzeug] INFO: 127.0.0.1 - - [26/Feb/2026 01:26:20] "GET /api/bot/status HTTP/1.1" 200 -
01:26:22 [werkzeug] INFO: 127.0.0.1 - - [26/Feb/2026 01:26:22] "GET /api/bot/status HTTP/1.1" 200 -
01:26:23 [werkzeug] INFO: 127.0.0.1 - - [26/Feb/2026 01:26:23] "GET /api/bot/status HTTP/1.1" 200 -
01:26:25 [werkzeug] INFO: 127.0.0.1 - - [26/Feb/2026 01:26:25] "GET /api/bot/status HTTP/1.1" 200 -
01:26:26 [werkzeug] INFO: 127.0.0.1 - - [26/Feb/2026 01:26:26] "GET /api/bot/status HTTP/1.1" 200 -
01:26:28 [werkzeug] INFO: 127.0.0.1 - - [26/Feb/2026 01:26:28] "GET /api/bot/status HTTP/1.1" 200 -
01:26:29 [werkzeug] INFO: 127.0.0.1 - - [26/Feb/2026 01:26:29] "GET /api/bot/status HTTP/1.1" 200 -
01:26:31 [werkzeug] INFO: 127.0.0.1 - - [26/Feb/2026 01:26:31] "GET /api/bot/status HTTP/1.1" 200 -
01:26:32 [werkzeug] INFO: 127.0.0.1 - - [26/Feb/2026 01:26:32] "GET /api/bot/status HTTP/1.1" 200 -
01:26:34 [werkzeug] INFO: 127.0.0.1 - - [26/Feb/2026 01:26:34] "GET /api/bot/status HTTP/1.1" 200 -
01:26:35 [werkzeug] INFO: 127.0.0.1 - - [26/Feb/2026 01:26:35] "GET /api/bot/status HTTP/1.1" 200 -
01:26:37 [werkzeug] INFO: 127.0.0.1 - - [26/Feb/2026 01:26:37] "GET /api/bot/status HTTP/1.1" 200 -
01:26:38 [werkzeug] INFO: 127.0.0.1 - - [26/Feb/2026 01:26:38] "GET /api/bot/status HTTP/1.1" 200 -
01:26:40 [werkzeug] INFO: 127.0.0.1 - - [26/Feb/2026 01:26:40] "GET /api/bot/status HTTP/1.1" 200 -
01:26:41 [werkzeug] INFO: 127.0.0.1 - - [26/Feb/2026 01:26:41] "GET /api/bot/status HTTP/1.1" 200 -
01:26:43 [werkzeug] INFO: 127.0.0.1 - - [26/Feb/2026 01:26:43] "GET /api/bot/status HTTP/1.1" 200 -
01:26:44 [werkzeug] INFO: 127.0.0.1 - - [26/Feb/2026 01:26:44] "GET /api/bot/status HTTP/1.1" 200 -
01:26:46 [werkzeug] INFO: 127.0.0.1 - - [26/Feb/2026 01:26:46] "GET /api/bot/status HTTP/1.1" 200 -
01:26:47 [werkzeug] INFO: 127.0.0.1 - - [26/Feb/2026 01:26:47] "GET /api/bot/status HTTP/1.1" 200 -
01:26:49 [werkzeug] INFO: 127.0.0.1 - - [26/Feb/2026 01:26:49] "GET /api/bot/status HTTP/1.1" 200 -
01:26:50 [werkzeug] INFO: 127.0.0.1 - - [26/Feb/2026 01:26:50] "GET /api/bot/status HTTP/1.1" 200 -
01:26:52 [werkzeug] INFO: 127.0.0.1 - - [26/Feb/2026 01:26:52] "GET /api/bot/status HTTP/1.1" 200 -
01:26:53 [werkzeug] INFO: 127.0.0.1 - - [26/Feb/2026 01:26:53] "GET /api/bot/status HTTP/1.1" 200 -
01:26:55 [werkzeug] INFO: 127.0.0.1 - - [26/Feb/2026 01:26:55] "GET /api/bot/status HTTP/1.1" 200 -
01:26:56 [werkzeug] INFO: 127.0.0.1 - - [26/Feb/2026 01:26:56] "GET /api/bot/status HTTP/1.1" 200 -
01:26:58 [werkzeug] INFO: 127.0.0.1 - - [26/Feb/2026 01:26:58] "GET /api/bot/status HTTP/1.1" 200 -
01:26:59 [werkzeug] INFO: 127.0.0.1 - - [26/Feb/2026 01:26:59] "GET /api/bot/status HTTP/1.1" 200 -
01:27:00 [AntiGravity.PriceFetcher] ERROR: âŒ Fallo definitivo tras 3 intentos: https://api.coingecko.com/api/v3/coins/binancecoin/tickers
01:27:00 [AntiGravity.PriceFetcher] INFO:   â†’ Precios reales obtenidos: 0/5 exchanges
01:27:00 [AntiGravity.PriceFetcher] WARNING: âš ï¸ Solo 0 exchange(s) con datos reales para binancecoin. Activando fallback a precios simulados...
01:27:00 [AntiGravity.PriceFetcher] INFO: ğŸ­ Precios SIMULADOS para binancecoin: {'binance': 638.91, 'coinbase': 623.79, 'kraken': 629.49, 'kucoin': 624.61, 'bybit': 632.93}
01:27:00 [AntiGravity.Monitor] INFO: 
ğŸ’° Precios de BINANCECOIN:
   coinbase    : $      623.79
   kucoin      : $      624.61
   kraken      : $      629.49
   bybit       : $      632.93
   binance     : $      638.91
   â†’ Spread total: 2.424%
01:27:00 [AntiGravity.Sentiment] INFO: Sentimiento SIMULADO â†’ ğŸ˜ğŸŸ¡ BINANCECOIN | Score: -0.124 | Tweets: 21 | NEUTRAL
01:27:00 [AntiGravity.Monitor] INFO:   ğŸ˜ğŸŸ¡ BINANCECOIN | Score: -0.124 | Tweets: 21 | NEUTRAL
01:27:00 [AntiGravity.Arbitrage] INFO: ğŸ¯ OPORTUNIDAD DETECTADA: 
=======================================================
  ğŸ’ ARBITRAJE: BINANCECOIN
  ğŸŸ¢ COMPRAR en coinbase  : $623.79
  ğŸ”´ VENDER en  binance   : $638.91
  ğŸ“Š Spread bruto:  +2.424%
  ğŸ’µ Spread neto:   +2.024% (despuÃ©s de ~0.4% en fees)
  ğŸ’° Profit estimado: $20.24 (sobre $1000)
  âœ… VIABLE
=======================================================
01:27:00 [AntiGravity.Monitor] INFO: 
  
=======================================================
  ğŸ’ ARBITRAJE: BINANCECOIN
  ğŸŸ¢ COMPRAR en coinbase  : $623.79
  ğŸ”´ VENDER en  binance   : $638.91
  ğŸ“Š Spread bruto:  +2.424%
  ğŸ’µ Spread neto:   +2.024% (despuÃ©s de ~0.4% en fees)
  ğŸ’° Profit estimado: $20.24 (sobre $1000)
  âœ… VIABLE
=======================================================
01:27:00 [AntiGravity.Simulator] INFO: ğŸ’° TRADE SIMULADO | BINANCECOIN
   Compra en coinbase @ $623.79
   Venta en  binance @ $638.91
   Capital: $545.07 | Profit neto: $+11.01 (+2.019%)
   Sentimiento: NEUTRAL (-0.124) | Risk mult: x1.00
01:27:00 [AntiGravity.Notifier] INFO: ALERTA: Oportunidad de Arbitraje
01:27:01 [werkzeug] INFO: 127.0.0.1 - - [26/Feb/2026 01:27:01] "GET /api/bot/status HTTP/1.1" 200 -
01:27:02 [AntiGravity.Monitor] INFO: 
ğŸ” Analizando RIPPLE...
01:27:02 [AntiGravity.Monitor] INFO:   ğŸ’° Precio global: $1.44 (+7.37% 24h)
01:27:02 [AntiGravity.PriceFetcher] INFO: ğŸ“¡ Obteniendo tickers de ripple (1 llamada para 5 exchanges)...
01:27:02 [AntiGravity.PriceFetcher] INFO:   â†’ Precios reales obtenidos: 5/5 exchanges
01:27:02 [AntiGravity.Monitor] INFO: 
ğŸ’° Precios de RIPPLE:
   binance     : $        1.44
   coinbase    : $        1.44
   kucoin      : $        1.44
   bybit       : $        1.44
   kraken      : $        1.44
   â†’ Spread total: 0.000%
01:27:02 [AntiGravity.Sentiment] INFO: Sentimiento SIMULADO â†’ ğŸš€ğŸŸ¢ RIPPLE | Score: +0.412 | Tweets: 33 | BULLISH
01:27:02 [AntiGravity.Monitor] INFO:   ğŸš€ğŸŸ¢ RIPPLE | Score: +0.412 | Tweets: 33 | BULLISH
01:27:02 [werkzeug] INFO: 127.0.0.1 - - [26/Feb/2026 01:27:02] "GET /api/bot/status HTTP/1.1" 200 -
01:27:04 [AntiGravity.Monitor] INFO: â±ï¸ Ciclo completado en 121.9s. PrÃ³ximo en 0s...
01:27:04 [AntiGravity.Monitor] INFO: 
â”€â”€â”€â”€â”€â”€â”€â”€â”€â”€â”€â”€â”€â”€â”€â”€â”€â”€â”€â”€â”€â”€â”€â”€â”€â”€â”€â”€â”€â”€â”€â”€â”€â”€â”€â”€â”€â”€â”€â”€â”€â”€â”€â”€â”€â”€â”€â”€â”€â”€â”€â”€â”€â”€â”€
01:27:04 [AntiGravity.Monitor] INFO: ğŸ”„ CICLO #2 | 2026-02-26 01:27:04
01:27:04 [AntiGravity.Monitor] INFO: â”€â”€â”€â”€â”€â”€â”€â”€â”€â”€â”€â”€â”€â”€â”€â”€â”€â”€â”€â”€â”€â”€â”€â”€â”€â”€â”€â”€â”€â”€â”€â”€â”€â”€â”€â”€â”€â”€â”€â”€â”€â”€â”€â”€â”€â”€â”€â”€â”€â”€â”€â”€â”€â”€â”€
01:27:04 [werkzeug] INFO: 127.0.0.1 - - [26/Feb/2026 01:27:04] "GET /api/bot/status HTTP/1.1" 200 -
01:27:05 [AntiGravity.Sentiment] INFO: ğŸ”® Fear & Greed Index: 11 (Extreme Fear)
01:27:05 [AntiGravity.Monitor] INFO: 
ğŸ” Analizando BITCOIN...
01:27:05 [AntiGravity.Monitor] INFO:   ğŸ’° Precio global: $68,361.00 (+6.87% 24h)
01:27:05 [AntiGravity.PriceFetcher] INFO: ğŸ“¡ Obteniendo tickers de bitcoin (1 llamada para 5 exchanges)...
01:27:05 [werkzeug] INFO: 127.0.0.1 - - [26/Feb/2026 01:27:05] "GET /api/bot/status HTTP/1.1" 200 -
01:27:06 [AntiGravity.PriceFetcher] ERROR: âŒ Fallo definitivo tras 3 intentos: https://api.coingecko.com/api/v3/simple/price
01:27:06 [AntiGravity.PriceFetcher] ERROR: Fallo definitivo al obtener precios simples.
01:27:06 [AntiGravity.PriceFetcher] INFO: ğŸ­ Precios SIMULADOS para binancecoin: {'binance': 624.65, 'coinbase': 636.12, 'kraken': 632.66, 'kucoin': 639.21, 'bybit': 627.94}
01:27:06 [AntiGravity.Monitor] INFO: 
ğŸ’° Precios de BINANCECOIN:
   binance     : $      624.65
   bybit       : $      627.94
   kraken      : $      632.66
   coinbase    : $      636.12
   kucoin      : $      639.21
   â†’ Spread total: 2.331%
01:27:06 [AntiGravity.Sentiment] INFO: Sentimiento SIMULADO â†’ ğŸ˜ğŸŸ¡ BINANCECOIN | Score: +0.166 | Tweets: 56 | NEUTRAL
01:27:06 [AntiGravity.Monitor] INFO:   ğŸ˜ğŸŸ¡ BINANCECOIN | Score: +0.166 | Tweets: 56 | NEUTRAL
01:27:06 [AntiGravity.Arbitrage] INFO: ğŸ¯ OPORTUNIDAD DETECTADA: 
=======================================================
  ğŸ’ ARBITRAJE: BINANCECOIN
  ğŸŸ¢ COMPRAR en binance   : $624.65
  ğŸ”´ VENDER en  kucoin    : $639.21
  ğŸ“Š Spread bruto:  +2.331%
  ğŸ’µ Spread neto:   +1.931% (despuÃ©s de ~0.4% en fees)
  ğŸ’° Profit estimado: $19.31 (sobre $1000)
  âœ… VIABLE
=======================================================
01:27:06 [AntiGravity.Monitor] INFO: 
  
=======================================================
  ğŸ’ ARBITRAJE: BINANCECOIN
  ğŸŸ¢ COMPRAR en binance   : $624.65
  ğŸ”´ VENDER en  kucoin    : $639.21
  ğŸ“Š Spread bruto:  +2.331%
  ğŸ’µ Spread neto:   +1.931% (despuÃ©s de ~0.4% en fees)
  ğŸ’° Profit estimado: $19.31 (sobre $1000)
  âœ… VIABLE
=======================================================
01:27:06 [AntiGravity.Simulator] INFO: ğŸ’° TRADE SIMULADO | BINANCECOIN
   Compra en binance @ $624.65
   Venta en  kucoin @ $639.21
   Capital: $545.06 | Profit neto: $+10.50 (+1.926%)
   Sentimiento: NEUTRAL (+0.166) | Risk mult: x1.00
01:27:06 [AntiGravity.Notifier] INFO: ALERTA: Oportunidad de Arbitraje
01:27:07 [werkzeug] INFO: 127.0.0.1 - - [26/Feb/2026 01:27:07] "GET /api/bot/status HTTP/1.1" 200 -
01:27:07 [AntiGravity.PriceFetcher] INFO:   â†’ Precios reales obtenidos: 5/5 exchanges
01:27:07 [AntiGravity.Monitor] INFO: 
ğŸ’° Precios de BITCOIN:
   kucoin      : $   68,350.00
   bybit       : $   68,352.00
   coinbase    : $   68,369.00
   kraken      : $   68,380.00
   binance     : $   68,404.00
   â†’ Spread total: 0.079%
01:27:07 [AntiGravity.Sentiment] INFO: Sentimiento SIMULADO â†’ ğŸ˜ğŸŸ¡ BITCOIN | Score: +0.162 | Tweets: 29 | NEUTRAL
01:27:07 [AntiGravity.Monitor] INFO:   ğŸ˜ğŸŸ¡ BITCOIN | Score: +0.162 | Tweets: 29 | NEUTRAL
01:27:07 [AntiGravity.Monitor] INFO: 
ğŸ” Analizando RIPPLE...
01:27:07 [AntiGravity.Monitor] INFO:   ğŸ’° Precio global: $1.44 (+7.26% 24h)
01:27:07 [AntiGravity.PriceFetcher] INFO: ğŸ“¡ Obteniendo tickers de ripple (1 llamada para 5 exchanges)...
01:27:08 [AntiGravity.PriceFetcher] WARNING: â³ Rate limit (429) en intento 1/3. Esperando 15s antes de reintentar...
01:27:08 [werkzeug] INFO: 127.0.0.1 - - [26/Feb/2026 01:27:08] "GET /api/bot/status HTTP/1.1" 200 -
01:27:09 [AntiGravity.Monitor] INFO: 
ğŸ” Analizando ETHEREUM...
01:27:09 [AntiGravity.Monitor] INFO:   ğŸ’° Precio global: $2,071.35 (+12.14% 24h)
01:27:09 [AntiGravity.PriceFetcher] INFO: ğŸ“¡ Obteniendo tickers de ethereum (1 llamada para 5 exchanges)...
01:27:09 [AntiGravity.PriceFetcher] WARNING: â³ Rate limit (429) en intento 1/3. Esperando 15s antes de reintentar...
01:27:10 [werkzeug] INFO: 127.0.0.1 - - [26/Feb/2026 01:27:10] "GET /api/bot/status HTTP/1.1" 200 -
01:27:11 [werkzeug] INFO: 127.0.0.1 - - [26/Feb/2026 01:27:11] "GET /api/bot/status HTTP/1.1" 200 -
01:27:13 [werkzeug] INFO: 127.0.0.1 - - [26/Feb/2026 01:27:13] "GET /api/bot/status HTTP/1.1" 200 -
01:27:14 [werkzeug] INFO: 127.0.0.1 - - [26/Feb/2026 01:27:14] "GET /api/bot/status HTTP/1.1" 200 -
01:27:16 [werkzeug] INFO: 127.0.0.1 - - [26/Feb/2026 01:27:16] "GET /api/bot/status HTTP/1.1" 200 -
01:27:17 [werkzeug] INFO: 127.0.0.1 - - [26/Feb/2026 01:27:17] "GET /api/bot/status HTTP/1.1" 200 -
01:27:19 [werkzeug] INFO: 127.0.0.1 - - [26/Feb/2026 01:27:19] "GET /api/bot/status HTTP/1.1" 200 -
01:27:20 [werkzeug] INFO: 127.0.0.1 - - [26/Feb/2026 01:27:20] "GET /api/bot/status HTTP/1.1" 200 -
01:27:22 [werkzeug] INFO: 127.0.0.1 - - [26/Feb/2026 01:27:22] "GET /api/bot/status HTTP/1.1" 200 -
01:27:23 [AntiGravity.PriceFetcher] WARNING: â³ Rate limit (429) en intento 2/3. Esperando 30s antes de reintentar...
01:27:23 [werkzeug] INFO: 127.0.0.1 - - [26/Feb/2026 01:27:23] "GET /api/bot/status HTTP/1.1" 200 -
01:27:24 [AntiGravity.PriceFetcher] WARNING: â³ Rate limit (429) en intento 2/3. Esperando 30s antes de reintentar...
01:27:25 [werkzeug] INFO: 127.0.0.1 - - [26/Feb/2026 01:27:25] "GET /api/bot/status HTTP/1.1" 200 -
01:27:26 [werkzeug] INFO: 127.0.0.1 - - [26/Feb/2026 01:27:26] "GET /api/bot/status HTTP/1.1" 200 -
01:27:28 [werkzeug] INFO: 127.0.0.1 - - [26/Feb/2026 01:27:28] "GET /api/bot/status HTTP/1.1" 200 -
01:27:29 [werkzeug] INFO: 127.0.0.1 - - [26/Feb/2026 01:27:29] "GET /api/bot/status HTTP/1.1" 200 -
01:27:31 [werkzeug] INFO: 127.0.0.1 - - [26/Feb/2026 01:27:31] "GET /api/bot/status HTTP/1.1" 200 -
01:27:32 [werkzeug] INFO: 127.0.0.1 - - [26/Feb/2026 01:27:32] "GET /api/bot/status HTTP/1.1" 200 -
01:27:34 [werkzeug] INFO: 127.0.0.1 - - [26/Feb/2026 01:27:34] "GET /api/bot/status HTTP/1.1" 200 -
01:27:35 [werkzeug] INFO: 127.0.0.1 - - [26/Feb/2026 01:27:35] "GET /api/bot/status HTTP/1.1" 200 -
01:27:37 [werkzeug] INFO: 127.0.0.1 - - [26/Feb/2026 01:27:37] "GET /api/bot/status HTTP/1.1" 200 -
01:27:38 [werkzeug] INFO: 127.0.0.1 - - [26/Feb/2026 01:27:38] "GET /api/bot/status HTTP/1.1" 200 -
01:27:40 [werkzeug] INFO: 127.0.0.1 - - [26/Feb/2026 01:27:40] "GET /api/bot/status HTTP/1.1" 200 -
01:27:41 [werkzeug] INFO: 127.0.0.1 - - [26/Feb/2026 01:27:41] "GET /api/bot/status HTTP/1.1" 200 -
01:27:43 [werkzeug] INFO: 127.0.0.1 - - [26/Feb/2026 01:27:43] "GET /api/bot/status HTTP/1.1" 200 -
01:27:44 [werkzeug] INFO: 127.0.0.1 - - [26/Feb/2026 01:27:44] "GET /api/bot/status HTTP/1.1" 200 -
01:27:46 [werkzeug] INFO: 127.0.0.1 - - [26/Feb/2026 01:27:46] "GET /api/bot/status HTTP/1.1" 200 -
01:27:47 [werkzeug] INFO: 127.0.0.1 - - [26/Feb/2026 01:27:47] "GET /api/bot/status HTTP/1.1" 200 -
01:27:49 [werkzeug] INFO: 127.0.0.1 - - [26/Feb/2026 01:27:49] "GET /api/bot/status HTTP/1.1" 200 -
01:27:50 [werkzeug] INFO: 127.0.0.1 - - [26/Feb/2026 01:27:50] "GET /api/bot/status HTTP/1.1" 200 -
01:27:52 [werkzeug] INFO: 127.0.0.1 - - [26/Feb/2026 01:27:52] "GET /api/bot/status HTTP/1.1" 200 -
01:27:53 [AntiGravity.PriceFetcher] WARNING: â³ Rate limit (429) en intento 3/3. Esperando 60s antes de reintentar...
01:27:53 [werkzeug] INFO: 127.0.0.1 - - [26/Feb/2026 01:27:53] "GET /api/bot/status HTTP/1.1" 200 -
01:27:54 [AntiGravity.PriceFetcher] WARNING: â³ Rate limit (429) en intento 3/3. Esperando 60s antes de reintentar...
01:27:55 [werkzeug] INFO: 127.0.0.1 - - [26/Feb/2026 01:27:55] "GET /api/bot/status HTTP/1.1" 200 -
01:27:56 [werkzeug] INFO: 127.0.0.1 - - [26/Feb/2026 01:27:56] "GET /api/bot/status HTTP/1.1" 200 -
01:27:58 [werkzeug] INFO: 127.0.0.1 - - [26/Feb/2026 01:27:58] "GET /api/bot/status HTTP/1.1" 200 -
01:27:59 [werkzeug] INFO: 127.0.0.1 - - [26/Feb/2026 01:27:59] "GET /api/bot/status HTTP/1.1" 200 -
01:28:01 [werkzeug] INFO: 127.0.0.1 - - [26/Feb/2026 01:28:01] "GET /api/bot/status HTTP/1.1" 200 -
01:28:02 [werkzeug] INFO: 127.0.0.1 - - [26/Feb/2026 01:28:02] "GET /api/bot/status HTTP/1.1" 200 -
01:28:04 [werkzeug] INFO: 127.0.0.1 - - [26/Feb/2026 01:28:04] "GET /api/bot/status HTTP/1.1" 200 -
01:28:05 [werkzeug] INFO: 127.0.0.1 - - [26/Feb/2026 01:28:05] "GET /api/bot/status HTTP/1.1" 200 -
01:28:07 [werkzeug] INFO: 127.0.0.1 - - [26/Feb/2026 01:28:07] "GET /api/bot/status HTTP/1.1" 200 -
01:28:08 [werkzeug] INFO: 127.0.0.1 - - [26/Feb/2026 01:28:08] "GET /api/bot/status HTTP/1.1" 200 -
01:28:10 [werkzeug] INFO: 127.0.0.1 - - [26/Feb/2026 01:28:10] "GET /api/bot/status HTTP/1.1" 200 -
01:28:10 [werkzeug] INFO: 127.0.0.1 - - [26/Feb/2026 01:28:10] "POST /api/bot/stop HTTP/1.1" 200 -
01:28:10 [werkzeug] INFO: 127.0.0.1 - - [26/Feb/2026 01:28:10] "GET /api/bot/status HTTP/1.1" 200 -
01:28:53 [AntiGravity.PriceFetcher] ERROR: âŒ Fallo definitivo tras 3 intentos: https://api.coingecko.com/api/v3/coins/ripple/tickers
01:28:53 [AntiGravity.PriceFetcher] INFO:   â†’ Precios reales obtenidos: 0/5 exchanges
01:28:53 [AntiGravity.PriceFetcher] WARNING: âš ï¸ Solo 0 exchange(s) con datos reales para ripple. Activando fallback a precios simulados...
01:28:53 [AntiGravity.PriceFetcher] INFO: ğŸ­ Precios SIMULADOS para ripple: {'binance': 1.45, 'coinbase': 1.44, 'kraken': 1.42, 'kucoin': 1.46, 'bybit': 1.42}
01:28:53 [AntiGravity.Monitor] INFO: 
ğŸ’° Precios de RIPPLE:
   kraken      : $        1.42
   bybit       : $        1.42
   coinbase    : $        1.44
   binance     : $        1.45
   kucoin      : $        1.46
   â†’ Spread total: 2.817%
01:28:53 [AntiGravity.Sentiment] INFO: Sentimiento SIMULADO â†’ ğŸ˜ğŸŸ¡ RIPPLE | Score: +0.120 | Tweets: 34 | NEUTRAL
01:28:53 [AntiGravity.Monitor] INFO:   ğŸ˜ğŸŸ¡ RIPPLE | Score: +0.120 | Tweets: 34 | NEUTRAL
01:28:53 [AntiGravity.Arbitrage] INFO: ğŸ¯ OPORTUNIDAD DETECTADA: 
=======================================================
  ğŸ’ ARBITRAJE: RIPPLE
  ğŸŸ¢ COMPRAR en kraken    : $1.42
  ğŸ”´ VENDER en  kucoin    : $1.46
  ğŸ“Š Spread bruto:  +2.817%
  ğŸ’µ Spread neto:   +2.417% (despuÃ©s de ~0.4% en fees)
  ğŸ’° Profit estimado: $24.17 (sobre $1000)
  âœ… VIABLE
=======================================================
01:28:53 [AntiGravity.Monitor] INFO: 
  
=======================================================
  ğŸ’ ARBITRAJE: RIPPLE
  ğŸŸ¢ COMPRAR en kraken    : $1.42
  ğŸ”´ VENDER en  kucoin    : $1.46
  ğŸ“Š Spread bruto:  +2.817%
  ğŸ’µ Spread neto:   +2.417% (despuÃ©s de ~0.4% en fees)
  ğŸ’° Profit estimado: $24.17 (sobre $1000)
  âœ… VIABLE
=======================================================
01:28:53 [AntiGravity.Simulator] INFO: ğŸ’° TRADE SIMULADO | RIPPLE
   Compra en kraken @ $1.42
   Venta en  kucoin @ $1.46
   Capital: $550.31 | Profit neto: $+13.27 (+2.411%)
   Sentimiento: NEUTRAL (+0.120) | Risk mult: x1.00
01:28:53 [AntiGravity.Notifier] INFO: ALERTA: Oportunidad de Arbitraje
01:28:54 [AntiGravity.PriceFetcher] ERROR: âŒ Fallo definitivo tras 3 intentos: https://api.coingecko.com/api/v3/coins/ethereum/tickers
01:28:54 [AntiGravity.PriceFetcher] INFO:   â†’ Precios reales obtenidos: 0/5 exchanges
01:28:54 [AntiGravity.PriceFetcher] WARNING: âš ï¸ Solo 0 exchange(s) con datos reales para ethereum. Activando fallback a precios simulados...
01:28:54 [AntiGravity.PriceFetcher] INFO: ğŸ­ Precios SIMULADOS para ethereum: {'binance': 2092.97, 'coinbase': 2063.38, 'kraken': 2093.36, 'kucoin': 2077.71, 'bybit': 2100.79}
01:28:54 [AntiGravity.Monitor] INFO: 
ğŸ’° Precios de ETHEREUM:
   coinbase    : $    2,063.38
   kucoin      : $    2,077.71
   binance     : $    2,092.97
   kraken      : $    2,093.36
   bybit       : $    2,100.79
   â†’ Spread total: 1.813%
01:28:54 [AntiGravity.Sentiment] INFO: Sentimiento SIMULADO â†’ ğŸ’€ğŸ”´ ETHEREUM | Score: -0.261 | Tweets: 19 | BEARISH
01:28:54 [AntiGravity.Monitor] INFO:   ğŸ’€ğŸ”´ ETHEREUM | Score: -0.261 | Tweets: 19 | BEARISH
01:28:54 [AntiGravity.Arbitrage] INFO: ğŸ¯ OPORTUNIDAD DETECTADA: 
=======================================================
  ğŸ’ ARBITRAJE: ETHEREUM
  ğŸŸ¢ COMPRAR en coinbase  : $2,063.38
  ğŸ”´ VENDER en  bybit     : $2,100.79
  ğŸ“Š Spread bruto:  +1.813%
  ğŸ’µ Spread neto:   +1.413% (despuÃ©s de ~0.4% en fees)
  ğŸ’° Profit estimado: $14.13 (sobre $1000)
  âœ… VIABLE
=======================================================
01:28:54 [AntiGravity.Monitor] INFO: 
  
=======================================================
  ğŸ’ ARBITRAJE: ETHEREUM
  ğŸŸ¢ COMPRAR en coinbase  : $2,063.38
  ğŸ”´ VENDER en  bybit     : $2,100.79
  ğŸ“Š Spread bruto:  +1.813%
  ğŸ’µ Spread neto:   +1.413% (despuÃ©s de ~0.4% en fees)
  ğŸ’° Profit estimado: $14.13 (sobre $1000)
  âœ… VIABLE
=======================================================
01:28:54 [AntiGravity.Simulator] INFO: ğŸ’° TRADE SIMULADO | ETHEREUM
   Compra en coinbase @ $2,063.38
   Venta en  bybit @ $2,100.79
   Capital: $385.40 | Profit neto: $+5.43 (+1.409%)
   Sentimiento: BEARISH (-0.261) | Risk mult: x0.70
01:28:55 [AntiGravity.Notifier] INFO: ALERTA: Oportunidad de Arbitraje
01:28:55 [AntiGravity.Simulator] INFO: 
â•â•â•â•â•â•â•â•â•â•â•â•â•â•â•â•â•â•â•â•â•â•â•â•â•â•â•â•â•â•â•â•â•â•â•â•â•â•â•â•â•â•â•â•â•â•â•â•â•â•
  ğŸ“ˆ PERFORMANCE SUMMARY
  Trades: 11 | Win Rate: 100.0%
  Capital: $1,000.00 â†’ $1,113.89
  P&L Total: $+113.90 (+11.39%)
â•â•â•â•â•â•â•â•â•â•â•â•â•â•â•â•â•â•â•â•â•â•â•â•â•â•â•â•â•â•â•â•â•â•â•â•â•â•â•â•â•â•â•â•â•â•â•â•â•â•
01:28:55 [AntiGravity.Monitor] INFO: ğŸ¤– Re-entrenando modelo ML con nuevos datos...
01:28:55 [AntiGravity.MLPredictor] INFO: Datos insuficientes: 52/60 muestras. Sigue corriendo el bot para acumular mÃ¡s datos.
01:28:55 [AntiGravity.Monitor] INFO: â±ï¸ Ciclo completado en 328.5s. PrÃ³ximo en 0s...
01:28:55 [AntiGravity.Monitor] INFO: 
â•â•â•â•â•â•â•â•â•â•â•â•â•â•â•â•â•â•â•â•â•â•â•â•â•â•â•â•â•â•â•â•â•â•â•â•â•â•â•â•â•â•â•â•â•â•â•â•â•â•â•â•â•â•â•
01:28:55 [AntiGravity.Monitor] INFO:   ğŸ›¬ BOT DETENIDO
01:28:55 [AntiGravity.Monitor] INFO:   â±ï¸  Runtime: 25.3 minutos
01:28:55 [AntiGravity.Monitor] INFO:   ğŸ”„ Ciclos completados: 10
01:28:55 [AntiGravity.Simulator] INFO: 
â•â•â•â•â•â•â•â•â•â•â•â•â•â•â•â•â•â•â•â•â•â•â•â•â•â•â•â•â•â•â•â•â•â•â•â•â•â•â•â•â•â•â•â•â•â•â•â•â•â•
  ğŸ“ˆ PERFORMANCE SUMMARY
  Trades: 11 | Win Rate: 100.0%
  Capital: $1,000.00 â†’ $1,113.89
  P&L Total: $+113.90 (+11.39%)
â•â•â•â•â•â•â•â•â•â•â•â•â•â•â•â•â•â•â•â•â•â•â•â•â•â•â•â•â•â•â•â•â•â•â•â•â•â•â•â•â•â•â•â•â•â•â•â•â•â•
01:28:55 [AntiGravity.Monitor] INFO: â•â•â•â•â•â•â•â•â•â•â•â•â•â•â•â•â•â•â•â•â•â•â•â•â•â•â•â•â•â•â•â•â•â•â•â•â•â•â•â•â•â•â•â•â•â•â•â•â•â•â•â•â•â•â•
01:28:56 [AntiGravity.Monitor] INFO: 
ğŸ” Analizando SOLANA...
01:28:56 [AntiGravity.Monitor] INFO:   ğŸ’° Precio global: $88.96 (+12.82% 24h)
01:28:56 [AntiGravity.PriceFetcher] INFO: ğŸ“¡ Obteniendo tickers de solana (1 llamada para 5 exchanges)...
01:28:57 [AntiGravity.PriceFetcher] INFO:   â†’ Precios reales obtenidos: 5/5 exchanges
01:28:57 [AntiGravity.Monitor] INFO: 
ğŸ’° Precios de SOLANA:
   kucoin      : $       89.04
   coinbase    : $       89.05
   bybit       : $       89.05
   kraken      : $       89.07
   binance     : $       89.12
   â†’ Spread total: 0.090%
01:28:57 [AntiGravity.Sentiment] INFO: Sentimiento SIMULADO â†’ ğŸš€ğŸŸ¢ SOLANA | Score: +0.256 | Tweets: 39 | BULLISH
01:28:57 [AntiGravity.Monitor] INFO:   ğŸš€ğŸŸ¢ SOLANA | Score: +0.256 | Tweets: 39 | BULLISH
01:28:58 [AntiGravity.Monitor] INFO: 
ğŸ” Analizando BINANCECOIN...
01:28:58 [AntiGravity.Monitor] INFO:   ğŸ’° Precio global: $632.96 (+8.63% 24h)
01:28:58 [AntiGravity.PriceFetcher] INFO: ğŸ“¡ Obteniendo tickers de binancecoin (1 llamada para 5 exchanges)...
01:29:02 [AntiGravity.PriceFetcher] INFO:   â†’ Precios reales obtenidos: 5/5 exchanges
01:29:02 [AntiGravity.Monitor] INFO: 
ğŸ’° Precios de BINANCECOIN:
   kucoin      : $      632.69
   bybit       : $      633.25
   binance     : $      633.28
   kraken      : $      633.28
   coinbase    : $      633.42
   â†’ Spread total: 0.115%
01:29:02 [AntiGravity.Sentiment] INFO: Sentimiento SIMULADO â†’ ğŸš€ğŸŸ¢ BINANCECOIN | Score: +0.381 | Tweets: 121 | BULLISH
01:29:02 [AntiGravity.Monitor] INFO:   ğŸš€ğŸŸ¢ BINANCECOIN | Score: +0.381 | Tweets: 121 | BULLISH
01:29:03 [AntiGravity.Monitor] INFO: 
ğŸ” Analizando RIPPLE...
01:29:03 [AntiGravity.Monitor] INFO:   ğŸ’° Precio global: $1.44 (+7.43% 24h)
01:29:03 [AntiGravity.PriceFetcher] INFO: ğŸ“¡ Obteniendo tickers de ripple (1 llamada para 5 exchanges)...
01:29:04 [AntiGravity.PriceFetcher] INFO:   â†’ Precios reales obtenidos: 5/5 exchanges
01:29:04 [AntiGravity.Monitor] INFO: 
ğŸ’° Precios de RIPPLE:
   binance     : $        1.44
   coinbase    : $        1.44
   kucoin      : $        1.44
   bybit       : $        1.44
   kraken      : $        1.44
   â†’ Spread total: 0.000%
01:29:04 [AntiGravity.Sentiment] INFO: Sentimiento SIMULADO â†’ ğŸš€ğŸŸ¢ RIPPLE | Score: +0.291 | Tweets: 63 | BULLISH
01:29:04 [AntiGravity.Monitor] INFO:   ğŸš€ğŸŸ¢ RIPPLE | Score: +0.291 | Tweets: 63 | BULLISH
01:29:05 [AntiGravity.Monitor] INFO: â±ï¸ Ciclo completado en 121.7s. PrÃ³ximo en 0s...
01:29:05 [AntiGravity.Monitor] INFO: 
â•â•â•â•â•â•â•â•â•â•â•â•â•â•â•â•â•â•â•â•â•â•â•â•â•â•â•â•â•â•â•â•â•â•â•â•â•â•â•â•â•â•â•â•â•â•â•â•â•â•â•â•â•â•â•
01:29:05 [AntiGravity.Monitor] INFO:   ğŸ›¬ BOT DETENIDO
01:29:05 [AntiGravity.Monitor] INFO:   â±ï¸  Runtime: 5.0 minutos
01:29:05 [AntiGravity.Monitor] INFO:   ğŸ”„ Ciclos completados: 2
01:29:05 [AntiGravity.Simulator] INFO: 
â•â•â•â•â•â•â•â•â•â•â•â•â•â•â•â•â•â•â•â•â•â•â•â•â•â•â•â•â•â•â•â•â•â•â•â•â•â•â•â•â•â•â•â•â•â•â•â•â•â•
  ğŸ“ˆ PERFORMANCE SUMMARY
  Trades: 11 | Win Rate: 100.0%
  Capital: $1,000.00 â†’ $1,106.57
  P&L Total: $+106.57 (+10.66%)
â•â•â•â•â•â•â•â•â•â•â•â•â•â•â•â•â•â•â•â•â•â•â•â•â•â•â•â•â•â•â•â•â•â•â•â•â•â•â•â•â•â•â•â•â•â•â•â•â•â•
01:29:05 [AntiGravity.Monitor] INFO: â•â•â•â•â•â•â•â•â•â•â•â•â•â•â•â•â•â•â•â•â•â•â•â•â•â•â•â•â•â•â•â•â•â•â•â•â•â•â•â•â•â•â•â•â•â•â•â•â•â•â•â•â•â•â•
